[2024-08-27 13:46:10] root: INFO: Starting Flye 2.9-b1768
[2024-08-27 13:46:10] root: DEBUG: Cmd: /apps/genomics/Flye/2.9/el7/AVX512/gnu-7.3//bin/flye --nano-hq /scratch/b.rnc19dyy/01_data/nanopore_basecall_sup/dtinc_isolates_part2/pass/barcode01_1Dt2d.fastq.gz --out-dir /scratch/scw2160/02_outputs/flye_asm/flye_asm_1Dt2d_part2 --threads 20
[2024-08-27 13:46:10] root: DEBUG: Python version: 3.6.8 (default, Nov 16 2020, 16:55:22) 
[GCC 4.8.5 20150623 (Red Hat 4.8.5-44)]
[2024-08-27 13:46:10] root: INFO: >>>STAGE: configure
[2024-08-27 13:46:10] root: INFO: Configuring run
[2024-08-27 13:46:40] root: INFO: Total read length: 1223495460
[2024-08-27 13:46:40] root: INFO: Reads N50/N90: 2923 / 1895
[2024-08-27 13:46:40] root: INFO: Minimum overlap set to 2000
[2024-08-27 13:46:40] root: INFO: >>>STAGE: assembly
[2024-08-27 13:46:40] root: INFO: Assembling disjointigs
[2024-08-27 13:46:40] root: DEBUG: -----Begin assembly log------
[2024-08-27 13:46:40] root: DEBUG: Running: flye-modules assemble --reads /scratch/b.rnc19dyy/01_data/nanopore_basecall_sup/dtinc_isolates_part2/pass/barcode01_1Dt2d.fastq.gz --out-asm /scratch/scw2160/02_outputs/flye_asm/flye_asm_1Dt2d_part2/00-assembly/draft_assembly.fasta --config /apps/genomics/Flye/2.9/el7/AVX512/gnu-7.3/lib/python2.7/site-packages/flye/config/bin_cfg/asm_nano_hq.cfg --log /scratch/scw2160/02_outputs/flye_asm/flye_asm_1Dt2d_part2/flye.log --threads 20 --min-ovlp 2000
[2024-08-27 13:46:40] DEBUG: Build date: Feb 16 2022 10:50:35
[2024-08-27 13:46:40] DEBUG: Total RAM: 187 Gb
[2024-08-27 13:46:40] DEBUG: Available RAM: 173 Gb
[2024-08-27 13:46:40] DEBUG: Total CPUs: 40
[2024-08-27 13:46:40] DEBUG: Loading /apps/genomics/Flye/2.9/el7/AVX512/gnu-7.3/lib/python2.7/site-packages/flye/config/bin_cfg/asm_nano_hq.cfg
[2024-08-27 13:46:40] DEBUG: Loading /apps/genomics/Flye/2.9/el7/AVX512/gnu-7.3/lib/python2.7/site-packages/flye/config/bin_cfg/asm_defaults.cfg
[2024-08-27 13:46:40] DEBUG: 	big_genome_threshold=29000000
[2024-08-27 13:46:40] DEBUG: 	meta_read_filter_kmer_freq=100
[2024-08-27 13:46:40] DEBUG: 	chain_large_gap_penalty=2
[2024-08-27 13:46:40] DEBUG: 	chain_small_gap_penalty=0.5
[2024-08-27 13:46:40] DEBUG: 	chain_gap_jump_threshold=100
[2024-08-27 13:46:40] DEBUG: 	max_coverage_drop_rate=5
[2024-08-27 13:46:40] DEBUG: 	max_extensions_drop_rate=5
[2024-08-27 13:46:40] DEBUG: 	chimera_window=100
[2024-08-27 13:46:40] DEBUG: 	chimera_overhang=1000
[2024-08-27 13:46:40] DEBUG: 	min_reads_in_disjointig=4
[2024-08-27 13:46:40] DEBUG: 	max_inner_reads=10
[2024-08-27 13:46:40] DEBUG: 	max_inner_fraction=0.25
[2024-08-27 13:46:40] DEBUG: 	max_separation=500
[2024-08-27 13:46:40] DEBUG: 	unique_edge_length=50000
[2024-08-27 13:46:40] DEBUG: 	min_repeat_res_support=0.51
[2024-08-27 13:46:40] DEBUG: 	out_paths_ratio=5
[2024-08-27 13:46:40] DEBUG: 	graph_cov_drop_rate=5
[2024-08-27 13:46:40] DEBUG: 	coverage_estimate_window=100
[2024-08-27 13:46:40] DEBUG: 	max_bubble_length=50000
[2024-08-27 13:46:40] DEBUG: 	loop_coverage_rate=1.5
[2024-08-27 13:46:40] DEBUG: 	repeat_edge_cov_mult=1.75
[2024-08-27 13:46:40] DEBUG: 	weak_detach_rate=5
[2024-08-27 13:46:40] DEBUG: 	tip_coverage_rate=2
[2024-08-27 13:46:40] DEBUG: 	tip_length_rate=2
[2024-08-27 13:46:40] DEBUG: 	output_gfa_before_rr=0
[2024-08-27 13:46:40] DEBUG: 	low_cutoff_warning=0
[2024-08-27 13:46:40] DEBUG: 	kmer_size=17
[2024-08-27 13:46:40] DEBUG: 	use_minimizers=1
[2024-08-27 13:46:40] DEBUG: 	minimizer_window=5
[2024-08-27 13:46:40] DEBUG: 	reads_base_alignment=1
[2024-08-27 13:46:40] DEBUG: 	meta_read_top_kmer_rate=0.75
[2024-08-27 13:46:40] DEBUG: 	maximum_jump=1500
[2024-08-27 13:46:40] DEBUG: 	maximum_overhang=1500
[2024-08-27 13:46:40] DEBUG: 	repeat_kmer_rate=100
[2024-08-27 13:46:40] DEBUG: 	assemble_ovlp_divergence=0.05
[2024-08-27 13:46:40] DEBUG: 	assemble_divergence_relative=1
[2024-08-27 13:46:40] DEBUG: 	repeat_graph_ovlp_divergence=0.05
[2024-08-27 13:46:40] DEBUG: 	read_align_ovlp_divergence=0.10
[2024-08-27 13:46:40] DEBUG: 	hpc_scoring_on=1
[2024-08-27 13:46:40] DEBUG: 	add_unassembled_reads=0
[2024-08-27 13:46:40] DEBUG: 	extend_contigs_with_repeats=0
[2024-08-27 13:46:40] DEBUG: 	min_read_cov_cutoff=3
[2024-08-27 13:46:40] DEBUG: 	short_tip_length=20000
[2024-08-27 13:46:40] DEBUG: 	long_tip_length=100000
[2024-08-27 13:46:40] DEBUG: Running with k-mer size: 17
[2024-08-27 13:46:40] DEBUG: Running with minimum overlap 2000
[2024-08-27 13:46:40] DEBUG: Metagenome mode: N
[2024-08-27 13:46:40] DEBUG: Short mode: N
[2024-08-27 13:46:40] INFO: Reading sequences
[2024-08-27 13:47:04] DEBUG: Building positional index
[2024-08-27 13:47:04] DEBUG: Total sequence: 1068204987 bp
[2024-08-27 13:47:04] INFO: Building minimizer index
[2024-08-27 13:47:04] INFO: Pre-calculating index storage
[2024-08-27 13:47:28] DEBUG: Mean k-mer frequency: 8.75726
[2024-08-27 13:47:28] DEBUG: Repetitive k-mer frequency: 875
[2024-08-27 13:47:28] DEBUG: Filtered 3295744 repetitive k-mers (0.00929914)
[2024-08-27 13:47:30] INFO: Filling index
[2024-08-27 13:47:57] DEBUG: Sorting k-mer index
[2024-08-27 13:48:01] DEBUG: Selected k-mers: 40468258
[2024-08-27 13:48:01] DEBUG: K-mer index size: 351117946
[2024-08-27 13:48:01] DEBUG: Mean k-mer frequency: 8.67638
[2024-08-27 13:48:01] DEBUG: Minimizer rate: 3.0423
[2024-08-27 13:48:01] DEBUG: Peak RAM usage: 4 Gb
[2024-08-27 13:48:01] DEBUG: Estimating k-mer identity bias
[2024-08-27 13:48:05] DEBUG: Initial divergence estimate : 0.0257235
[2024-08-27 13:48:05] DEBUG: Relative threshold: Y
[2024-08-27 13:48:05] DEBUG: Max divergence threshold set to 0.0757235
[2024-08-27 13:48:05] INFO: Extending reads
[2024-08-27 13:48:05] DEBUG: Estimating overlap coverage
[2024-08-27 13:48:54] INFO: Overlap-based coverage: 169
[2024-08-27 13:48:54] INFO: Median overlap divergence: 0.0264784
[2024-08-27 13:48:54] DEBUG: Sequence divergence distribution: 

    |    *          |                                                                                    
    |   ***         |                                                                                    
    |   ***         |                                                                                    
    |  ****         |                                                                                    
    |  ****         |                                                                                    
    |  *****        |                                                                                    
    |  *****        |                                                                                    
    |  *****        |                                                                                    
    |  *****        |                                                                                    
    |  *****        |                                                                                    
    |  *****        |                                                                                    
    |  ******       |                                                                                    
    |  ******       |                                                                                    
    |  *******      |                                                                                    
    |  ********     |                                                                                    
    | **********    |                                                                                    
    | **********    |                                                                                    
    | ************  |                                                                                    
    | **************|                                                                                    
    |*********************  *                                                                            
    ----------------------------------------------------------------------------------------------------
    0%        5%        10%       15%       20%       25%       30%       35%       40%       45%       

    Q25 = 0.018, Q50 = 0.026, Q75 = 0.036

[2024-08-27 13:49:06] DEBUG: Assembled disjointig 1
	With 92 reads
	Start read: +38ae6619-4a8c-4c6e-bc4c-4324f4878272
	At position: 89
	leftTip: 0 rightTip: 0
	Suspicious: 1
	Short ext: 1
	Mean extensions: 36
	Avg overlap len: 3245
	Min overlap len: 1322
	Inner reads: 0
	Length: 194978
[2024-08-27 13:49:06] DEBUG: Inner: 25244 covered: 24962 total: 703404
[2024-08-27 13:49:06] DEBUG: Assembled disjointig 2
	With 118 reads
	Start read: +9dc61f7d-60ec-47b5-8851-7aaf6c0d0009
	At position: 114
	leftTip: 1 rightTip: 0
	Suspicious: 0
	Short ext: 0
	Mean extensions: 36
	Avg overlap len: 3417
	Min overlap len: 2170
	Inner reads: 0
	Length: 249817
[2024-08-27 13:49:07] DEBUG: Inner: 59876 covered: 57338 total: 703404
[2024-08-27 13:49:07] DEBUG: Discarded disjointig with 89 reads and 87 inner overlaps
[2024-08-27 13:49:07] DEBUG: Discarded disjointig with 119 reads and 117 inner overlaps
[2024-08-27 13:49:20] DEBUG: Assembled disjointig 3
	With 296 reads
	Start read: +7a0d3f44-84b2-43df-82f5-a23c4cab854d
	At position: 220
	leftTip: 0 rightTip: 0
	Suspicious: 0
	Short ext: 0
	Mean extensions: 36
	Avg overlap len: 3280
	Min overlap len: 2119
	Inner reads: 0
	Length: 646497
[2024-08-27 13:49:20] DEBUG: Inner: 144318 covered: 140644 total: 703404
[2024-08-27 13:49:20] DEBUG: Discarded disjointig with 297 reads and 295 inner overlaps
[2024-08-27 13:49:21] DEBUG: Assembled disjointig 4
	With 932 reads
	Start read: +5d80beb3-b6da-41de-9924-a15953317887
	At position: 727
	leftTip: 0 rightTip: 0
	Suspicious: 1
	Short ext: 1
	Mean extensions: 36
	Avg overlap len: 3355
	Min overlap len: 1441
	Inner reads: 0
	Length: 2023287
[2024-08-27 13:49:22] DEBUG: Inner: 406280 covered: 399712 total: 703404
[2024-08-27 13:49:22] DEBUG: Discarded disjointig with 931 reads and 929 inner overlaps
[2024-08-27 13:49:22] DEBUG: Discarded disjointig with 129 reads and 127 inner overlaps
[2024-08-27 13:49:22] DEBUG: Discarded disjointig with 389 reads and 387 inner overlaps
[2024-08-27 13:49:22] DEBUG: Discarded disjointig with 231 reads and 229 inner overlaps
[2024-08-27 13:49:22] DEBUG: Discarded disjointig with 159 reads and 157 inner overlaps
[2024-08-27 13:49:22] DEBUG: Discarded disjointig with 256 reads and 253 inner overlaps
[2024-08-27 13:49:22] DEBUG: Discarded disjointig with 650 reads and 647 inner overlaps
[2024-08-27 13:49:22] DEBUG: Discarded disjointig with 679 reads and 677 inner overlaps
[2024-08-27 13:49:22] DEBUG: Discarded disjointig with 623 reads and 620 inner overlaps
[2024-08-27 13:49:22] DEBUG: Discarded disjointig with 525 reads and 522 inner overlaps
[2024-08-27 13:49:22] DEBUG: Discarded disjointig with 321 reads and 318 inner overlaps
[2024-08-27 13:49:27] DEBUG: Assembled disjointig 5
	With 40 reads
	Start read: +55998ea4-0b72-4035-a024-bb0c380c7cf5
	At position: 28
	leftTip: 0 rightTip: 0
	Suspicious: 0
	Short ext: 0
	Mean extensions: 36
	Avg overlap len: 3465
	Min overlap len: 2393
	Inner reads: 0
	Length: 89067
[2024-08-27 13:49:27] DEBUG: Inner: 416878 covered: 410290 total: 703404
[2024-08-27 13:49:28] DEBUG: Discarded disjointig with 350 reads and 218 inner overlaps
[2024-08-27 13:49:28] DEBUG: Assembled disjointig 6
	With 131 reads
	Start read: +8f3ead78-46d7-47e6-8b18-9b995579a5ad
	At position: 106
	leftTip: 0 rightTip: 0
	Suspicious: 1
	Short ext: 1
	Mean extensions: 36
	Avg overlap len: 3510
	Min overlap len: 1909
	Inner reads: 0
	Length: 281205
[2024-08-27 13:49:28] DEBUG: Inner: 451900 covered: 444938 total: 703404
[2024-08-27 13:49:28] DEBUG: Discarded disjointig with 350 reads and 348 inner overlaps
[2024-08-27 13:49:28] DEBUG: Discarded disjointig with 121 reads and 119 inner overlaps
[2024-08-27 13:49:29] DEBUG: Assembled disjointig 7
	With 61 reads
	Start read: +52c70949-584a-40a1-be4a-0411d79cd3cc
	At position: 9
	leftTip: 0 rightTip: 0
	Suspicious: 0
	Short ext: 0
	Mean extensions: 40
	Avg overlap len: 3490
	Min overlap len: 2015
	Inner reads: 0
	Length: 127319
[2024-08-27 13:49:29] DEBUG: Inner: 468380 covered: 461412 total: 703404
[2024-08-27 13:49:29] DEBUG: Assembled disjointig 8
	With 286 reads
	Start read: +1aeaa740-c8b2-41db-9e4a-04e1ad265383
	At position: 171
	leftTip: 0 rightTip: 0
	Suspicious: 2
	Short ext: 2
	Mean extensions: 37
	Avg overlap len: 3417
	Min overlap len: 1302
	Inner reads: 0
	Length: 604823
[2024-08-27 13:49:29] DEBUG: Inner: 545244 covered: 536828 total: 703404
[2024-08-27 13:49:29] DEBUG: Discarded disjointig with 308 reads and 304 inner overlaps
[2024-08-27 13:49:29] DEBUG: Discarded disjointig with 287 reads and 285 inner overlaps
[2024-08-27 13:49:29] DEBUG: Discarded disjointig with 60 reads and 58 inner overlaps
[2024-08-27 13:49:31] DEBUG: Discarded disjointig with 778 reads and 683 inner overlaps
[2024-08-27 13:49:31] DEBUG: Assembled disjointig 9
	With 93 reads
	Start read: +d1f577d9-f11d-40dc-8502-55bdb9c07505
	At position: 65
	leftTip: 0 rightTip: 0
	Suspicious: 0
	Short ext: 0
	Mean extensions: 35
	Avg overlap len: 3331
	Min overlap len: 2185
	Inner reads: 0
	Length: 196251
[2024-08-27 13:49:31] DEBUG: Inner: 568898 covered: 560400 total: 703404
[2024-08-27 13:49:32] DEBUG: Discarded disjointig with 7 reads and 5 inner overlaps
[2024-08-27 13:49:33] DEBUG: Assembled disjointig 10
	With 466 reads
	Start read: +93ecbb1b-da3c-4139-9a65-6aecdc9fbd1b
	At position: 463
	leftTip: 0 rightTip: 0
	Suspicious: 0
	Short ext: 0
	Mean extensions: 35
	Avg overlap len: 3300
	Min overlap len: 2063
	Inner reads: 0
	Length: 980396
[2024-08-27 13:49:33] DEBUG: Inner: 693740 covered: 684136 total: 703404
[2024-08-27 13:49:33] DEBUG: Discarded disjointig with 465 reads and 463 inner overlaps
[2024-08-27 13:49:33] DEBUG: Discarded disjointig with 423 reads and 421 inner overlaps
[2024-08-27 13:49:33] DEBUG: Discarded disjointig with 128 reads and 126 inner overlaps
[2024-08-27 13:49:33] DEBUG: Discarded disjointig with 314 reads and 312 inner overlaps
[2024-08-27 13:49:33] DEBUG: Discarded disjointig with 403 reads and 401 inner overlaps
[2024-08-27 13:49:33] DEBUG: Discarded disjointig with 466 reads and 464 inner overlaps
[2024-08-27 13:49:33] DEBUG: Discarded disjointig with 61 reads and 59 inner overlaps
[2024-08-27 13:49:33] DEBUG: Discarded disjointig with 465 reads and 463 inner overlaps
[2024-08-27 13:49:33] DEBUG: Discarded disjointig with 465 reads and 463 inner overlaps
[2024-08-27 13:49:33] DEBUG: Discarded disjointig with 306 reads and 304 inner overlaps
[2024-08-27 13:49:33] DEBUG: Discarded disjointig with 139 reads and 137 inner overlaps
[2024-08-27 13:49:33] DEBUG: Discarded disjointig with 198 reads and 196 inner overlaps
[2024-08-27 13:49:33] DEBUG: Discarded disjointig with 464 reads and 462 inner overlaps
[2024-08-27 13:49:33] DEBUG: Discarded disjointig with 463 reads and 461 inner overlaps
[2024-08-27 13:49:33] DEBUG: Discarded disjointig with 463 reads and 461 inner overlaps
[2024-08-27 13:49:33] DEBUG: Discarded disjointig with 462 reads and 460 inner overlaps
[2024-08-27 13:49:33] DEBUG: Discarded disjointig with 462 reads and 460 inner overlaps
[2024-08-27 13:49:33] DEBUG: Discarded disjointig with 463 reads and 461 inner overlaps
[2024-08-27 13:49:33] DEBUG: Discarded disjointig with 463 reads and 461 inner overlaps
[2024-08-27 13:49:47] INFO: Assembled 10 disjointigs
[2024-08-27 13:49:48] INFO: Generating sequence
[2024-08-27 13:49:48] DEBUG: Building positional index
[2024-08-27 13:49:48] DEBUG: Total sequence: 5394084 bp
[2024-08-27 13:49:48] DEBUG: Mean k-mer frequency: 1.02238
[2024-08-27 13:49:48] DEBUG: Repetitive k-mer frequency: 102
[2024-08-27 13:49:48] DEBUG: Filtered 0 repetitive k-mers (0)
[2024-08-27 13:49:48] DEBUG: Sorting k-mer index
[2024-08-27 13:49:49] DEBUG: Selected k-mers: 1759332
[2024-08-27 13:49:49] DEBUG: K-mer index size: 1798713
[2024-08-27 13:49:49] DEBUG: Mean k-mer frequency: 1.02238
[2024-08-27 13:49:49] DEBUG: Minimizer rate: 2.99886
[2024-08-27 13:49:49] INFO: Filtering contained disjointigs
[2024-08-27 13:49:49] DEBUG: Computing transitive closure for overlaps
[2024-08-27 13:49:49] DEBUG: Found 120 overlaps
[2024-08-27 13:49:49] DEBUG: Left 60 overlaps after filtering
[2024-08-27 13:49:49] INFO: Contained seqs: 0
[2024-08-27 13:49:49] DEBUG: Writing FASTA
[2024-08-27 13:49:49] DEBUG: Peak RAM usage: 4 Gb
-----------End assembly log------------
[2024-08-27 13:49:50] root: DEBUG: Disjointigs length: 5394084, N50: 980393
[2024-08-27 13:49:50] root: INFO: >>>STAGE: consensus
[2024-08-27 13:49:50] root: INFO: Running Minimap2
[2024-08-27 13:51:01] root: INFO: Computing consensus
[2024-08-27 13:53:41] root: INFO: Alignment error rate: 0.034751
[2024-08-27 13:53:42] root: INFO: >>>STAGE: repeat
[2024-08-27 13:53:42] root: INFO: Building and resolving repeat graph
[2024-08-27 13:53:42] root: DEBUG: -----Begin repeat analyser log------
[2024-08-27 13:53:42] root: DEBUG: Running: flye-modules repeat --disjointigs /scratch/scw2160/02_outputs/flye_asm/flye_asm_1Dt2d_part2/10-consensus/consensus.fasta --reads /scratch/b.rnc19dyy/01_data/nanopore_basecall_sup/dtinc_isolates_part2/pass/barcode01_1Dt2d.fastq.gz --out-dir /scratch/scw2160/02_outputs/flye_asm/flye_asm_1Dt2d_part2/20-repeat --config /apps/genomics/Flye/2.9/el7/AVX512/gnu-7.3/lib/python2.7/site-packages/flye/config/bin_cfg/asm_nano_hq.cfg --log /scratch/scw2160/02_outputs/flye_asm/flye_asm_1Dt2d_part2/flye.log --threads 20 --min-ovlp 2000
[2024-08-27 13:53:42] DEBUG: Build date: Feb 16 2022 10:50:56
[2024-08-27 13:53:42] DEBUG: Total RAM: 187 Gb
[2024-08-27 13:53:42] DEBUG: Available RAM: 173 Gb
[2024-08-27 13:53:42] DEBUG: Total CPUs: 40
[2024-08-27 13:53:42] DEBUG: Loading /apps/genomics/Flye/2.9/el7/AVX512/gnu-7.3/lib/python2.7/site-packages/flye/config/bin_cfg/asm_nano_hq.cfg
[2024-08-27 13:53:42] DEBUG: Loading /apps/genomics/Flye/2.9/el7/AVX512/gnu-7.3/lib/python2.7/site-packages/flye/config/bin_cfg/asm_defaults.cfg
[2024-08-27 13:53:42] DEBUG: 	big_genome_threshold=29000000
[2024-08-27 13:53:42] DEBUG: 	meta_read_filter_kmer_freq=100
[2024-08-27 13:53:42] DEBUG: 	chain_large_gap_penalty=2
[2024-08-27 13:53:42] DEBUG: 	chain_small_gap_penalty=0.5
[2024-08-27 13:53:42] DEBUG: 	chain_gap_jump_threshold=100
[2024-08-27 13:53:42] DEBUG: 	max_coverage_drop_rate=5
[2024-08-27 13:53:42] DEBUG: 	max_extensions_drop_rate=5
[2024-08-27 13:53:42] DEBUG: 	chimera_window=100
[2024-08-27 13:53:42] DEBUG: 	chimera_overhang=1000
[2024-08-27 13:53:42] DEBUG: 	min_reads_in_disjointig=4
[2024-08-27 13:53:42] DEBUG: 	max_inner_reads=10
[2024-08-27 13:53:42] DEBUG: 	max_inner_fraction=0.25
[2024-08-27 13:53:42] DEBUG: 	max_separation=500
[2024-08-27 13:53:42] DEBUG: 	unique_edge_length=50000
[2024-08-27 13:53:42] DEBUG: 	min_repeat_res_support=0.51
[2024-08-27 13:53:42] DEBUG: 	out_paths_ratio=5
[2024-08-27 13:53:42] DEBUG: 	graph_cov_drop_rate=5
[2024-08-27 13:53:42] DEBUG: 	coverage_estimate_window=100
[2024-08-27 13:53:42] DEBUG: 	max_bubble_length=50000
[2024-08-27 13:53:42] DEBUG: 	loop_coverage_rate=1.5
[2024-08-27 13:53:42] DEBUG: 	repeat_edge_cov_mult=1.75
[2024-08-27 13:53:42] DEBUG: 	weak_detach_rate=5
[2024-08-27 13:53:42] DEBUG: 	tip_coverage_rate=2
[2024-08-27 13:53:42] DEBUG: 	tip_length_rate=2
[2024-08-27 13:53:42] DEBUG: 	output_gfa_before_rr=0
[2024-08-27 13:53:42] DEBUG: 	low_cutoff_warning=0
[2024-08-27 13:53:42] DEBUG: 	kmer_size=17
[2024-08-27 13:53:42] DEBUG: 	use_minimizers=1
[2024-08-27 13:53:42] DEBUG: 	minimizer_window=5
[2024-08-27 13:53:42] DEBUG: 	reads_base_alignment=1
[2024-08-27 13:53:42] DEBUG: 	meta_read_top_kmer_rate=0.75
[2024-08-27 13:53:42] DEBUG: 	maximum_jump=1500
[2024-08-27 13:53:42] DEBUG: 	maximum_overhang=1500
[2024-08-27 13:53:42] DEBUG: 	repeat_kmer_rate=100
[2024-08-27 13:53:42] DEBUG: 	assemble_ovlp_divergence=0.05
[2024-08-27 13:53:42] DEBUG: 	assemble_divergence_relative=1
[2024-08-27 13:53:42] DEBUG: 	repeat_graph_ovlp_divergence=0.05
[2024-08-27 13:53:42] DEBUG: 	read_align_ovlp_divergence=0.10
[2024-08-27 13:53:42] DEBUG: 	hpc_scoring_on=1
[2024-08-27 13:53:42] DEBUG: 	add_unassembled_reads=0
[2024-08-27 13:53:42] DEBUG: 	extend_contigs_with_repeats=0
[2024-08-27 13:53:42] DEBUG: 	min_read_cov_cutoff=3
[2024-08-27 13:53:42] DEBUG: 	short_tip_length=20000
[2024-08-27 13:53:42] DEBUG: 	long_tip_length=100000
[2024-08-27 13:53:42] DEBUG: Running with k-mer size: 17
[2024-08-27 13:53:42] DEBUG: Selected minimum overlap 2000
[2024-08-27 13:53:42] DEBUG: Metagenome mode: N
[2024-08-27 13:53:42] INFO: Parsing disjointigs
[2024-08-27 13:53:42] DEBUG: Building positional index
[2024-08-27 13:53:42] DEBUG: Total sequence: 5411077 bp
[2024-08-27 13:53:42] INFO: Building repeat graph
[2024-08-27 13:53:42] DEBUG: Mean k-mer frequency: 1.02758
[2024-08-27 13:53:42] DEBUG: Repetitive k-mer frequency: 102
[2024-08-27 13:53:42] DEBUG: Filtered 0 repetitive k-mers (0)
[2024-08-27 13:53:43] DEBUG: Sorting k-mer index
[2024-08-27 13:53:43] DEBUG: Selected k-mers: 1756176
[2024-08-27 13:53:43] DEBUG: K-mer index size: 1804606
[2024-08-27 13:53:43] DEBUG: Mean k-mer frequency: 1.02758
[2024-08-27 13:53:43] DEBUG: Minimizer rate: 2.99848
[2024-08-27 13:53:44] DEBUG: Computing transitive closure for overlaps
[2024-08-27 13:53:44] DEBUG: Found 624 overlaps
[2024-08-27 13:53:44] DEBUG: Left 256 overlaps after filtering
[2024-08-27 13:53:44] INFO: Median overlap divergence: 0.012612
[2024-08-27 13:53:44] DEBUG: Sequence divergence distribution: 

    |*         |                                                                                         
    |*         |                                                                                         
    |*         |                                                                                         
    |*         |                                                                                         
    |*         |                                                                                         
    |*         |                                                                                         
    |*         |                                                                                         
    |*         |                                                                                         
    |*         |                                                                                         
    |*         |                                                                                         
    |*         |                                                                                         
    |*         |                                                                                         
    |* *       |                                                                                         
    |* *       |                                                           *                             
    |* *       |                                                           *                             
    |* *       |                                                 *         *                             
    |* **      |                                                 *     *   *                             
    |* **      |                                                 *     *   *                             
    |**** ***  |        *                                       **     *   *                             
    |**** ***  |        *                                       **     *   *                             
    ----------------------------------------------------------------------------------------------------
    0%        5%        10%       15%       20%       25%       30%       35%       40%       45%       

    Q25 = 0.00027, Q50 = 0.013, Q75 = 0.3

[2024-08-27 13:53:44] DEBUG: Computing gluepoints
[2024-08-27 13:53:44] DEBUG: Added 1 gluepoint projections
[2024-08-27 13:53:44] DEBUG: Added 0 gluepoint projections
[2024-08-27 13:53:44] DEBUG: Created 212 gluepoints
[2024-08-27 13:53:44] DEBUG: Artificial loops removed: 14 left, 14 right, 0 both
[2024-08-27 13:53:44] DEBUG: Initializing edges
[2024-08-27 13:53:44] DEBUG: Edges length checksum: 18446744072492668744
[2024-08-27 13:53:44] DEBUG: Filtered 0 singleton segments
[2024-08-27 13:53:44] DEBUG: Removed 0 simple and 0 double chimeric junctions
[2024-08-27 13:53:44] DEBUG: Collapsed 11 edges
[2024-08-27 13:53:44] DEBUG: *	32	+disjointig_1	13549	195699	182150	
[2024-08-27 13:53:44] DEBUG: *	34	+disjointig_10	10627	463913	453286	
[2024-08-27 13:53:44] DEBUG:  	6	+disjointig_10	463913	466229	2316	
[2024-08-27 13:53:44] DEBUG: *	-7	+disjointig_10	466229	467209	980	
[2024-08-27 13:53:44] DEBUG:  	6	+disjointig_10	467209	469529	2320	
[2024-08-27 13:53:44] DEBUG: *	33	+disjointig_10	469529	983425	513896	
[2024-08-27 13:53:44] DEBUG: *	36	+disjointig_2	8440	120419	111979	
[2024-08-27 13:53:44] DEBUG:  	37	+disjointig_2	120419	125996	5577	
[2024-08-27 13:53:44] DEBUG: *	35	+disjointig_2	125996	250595	124599	
[2024-08-27 13:53:44] DEBUG: *	-13	+disjointig_3	3055	34475	31420	
[2024-08-27 13:53:44] DEBUG:  	37	+disjointig_3	34475	40035	5560	
[2024-08-27 13:53:44] DEBUG: *	39	+disjointig_3	40035	242023	201988	
[2024-08-27 13:53:44] DEBUG:  	25	+disjointig_3	242023	243446	1423	
[2024-08-27 13:53:44] DEBUG: *	-15	+disjointig_3	243446	645256	401810	
[2024-08-27 13:53:44] DEBUG:  	28	+disjointig_4	3205	4624	1419	
[2024-08-27 13:53:44] DEBUG: *	41	+disjointig_4	4624	655298	650674	
[2024-08-27 13:53:44] DEBUG:  	-28	+disjointig_4	655298	656717	1419	
[2024-08-27 13:53:44] DEBUG: *	-40	+disjointig_4	656717	2022925	1366208	
[2024-08-27 13:53:44] DEBUG:  	-25	+disjointig_4	2022925	2024348	1423	
[2024-08-27 13:53:44] DEBUG:  	-25	+disjointig_5	2049	3472	1423	
[2024-08-27 13:53:44] DEBUG: *	-21	+disjointig_5	3472	83901	80429	
[2024-08-27 13:53:44] DEBUG:  	-37	+disjointig_5	83901	89210	5309	
[2024-08-27 13:53:44] DEBUG:  	-37	+disjointig_6	2	5076	5074	
[2024-08-27 13:53:44] DEBUG: *	12	+disjointig_6	5076	277914	272838	
[2024-08-27 13:53:44] DEBUG: *	14	+disjointig_7	3293	122841	119548	
[2024-08-27 13:53:44] DEBUG:  	-37	+disjointig_7	122841	127495	4654	
[2024-08-27 13:53:44] DEBUG:  	-37	+disjointig_8	1533	6734	5201	
[2024-08-27 13:53:44] DEBUG: *	38	+disjointig_8	6734	601994	595260	
[2024-08-27 13:53:44] DEBUG:  	-37	+disjointig_8	601994	606849	4855	
[2024-08-27 13:53:44] DEBUG:  	37	+disjointig_9	1	4713	4712	
[2024-08-27 13:53:44] DEBUG: *	22	+disjointig_9	4713	192110	187397	
[2024-08-27 13:53:44] DEBUG:  	28	+disjointig_9	192110	193529	1419	
[2024-08-27 13:53:44] DEBUG: Total edges: 41
[2024-08-27 13:53:44] INFO: Parsing reads
[2024-08-27 13:54:06] DEBUG: Building positional index
[2024-08-27 13:54:06] DEBUG: Total sequence: 1223495460 bp
[2024-08-27 13:54:06] DEBUG: Building positional index
[2024-08-27 13:54:06] DEBUG: Total sequence: 5348566 bp
[2024-08-27 13:54:06] INFO: Aligning reads to the graph
[2024-08-27 13:54:06] DEBUG: Mean k-mer frequency: 1.01582
[2024-08-27 13:54:06] DEBUG: Repetitive k-mer frequency: 101
[2024-08-27 13:54:06] DEBUG: Filtered 0 repetitive k-mers (0)
[2024-08-27 13:54:07] DEBUG: Sorting k-mer index
[2024-08-27 13:54:07] DEBUG: Selected k-mers: 1755836
[2024-08-27 13:54:07] DEBUG: K-mer index size: 1783618
[2024-08-27 13:54:07] DEBUG: Mean k-mer frequency: 1.01582
[2024-08-27 13:54:07] DEBUG: Minimizer rate: 2.99872
[2024-08-27 13:55:11] DEBUG: Total reads : 351702
[2024-08-27 13:55:11] DEBUG: Read with aligned parts : 346971
[2024-08-27 13:55:11] DEBUG: Aligned in one piece : 345660
[2024-08-27 13:55:11] INFO: Aligned read sequence: 1046478997 / 1068204987 (0.979661)
[2024-08-27 13:55:11] INFO: Median overlap divergence: 0.0121099
[2024-08-27 13:55:11] DEBUG: Sequence divergence distribution: 

    | *                  |                                                                               
    | *                  |                                                                               
    | *                  |                                                                               
    | *                  |                                                                               
    | *                  |                                                                               
    | **                 |                                                                               
    | **                 |                                                                               
    | **                 |                                                                               
    | **                 |                                                                               
    | **                 |                                                                               
    | ***                |                                                                               
    | ***                |                                                                               
    |****                |                                                                               
    |****                |                                                                               
    |*****               |                                                                               
    |*****               |                                                                               
    |******              |                                                                               
    |*******             |                                                                               
    |*********           |                                                                               
    |******************************** *   * * *       *            *                                     
    ----------------------------------------------------------------------------------------------------
    0%        5%        10%       15%       20%       25%       30%       35%       40%       45%       

    Q25 = 0.0074, Q50 = 0.012, Q75 = 0.02

[2024-08-27 13:55:11] INFO: Mean edge coverage: 191
[2024-08-27 13:55:11] DEBUG: 6	len:2318	cov:351	mult:1.8377
[2024-08-27 13:55:11] DEBUG: -6	len:2318	cov:351	mult:1.8377
[2024-08-27 13:55:11] DEBUG: 7	len:980	cov:183	mult:0.958115
[2024-08-27 13:55:11] DEBUG: -7	len:980	cov:183	mult:0.958115
[2024-08-27 13:55:11] DEBUG: 12	len:272838	cov:187	mult:0.979058
[2024-08-27 13:55:11] DEBUG: -12	len:272838	cov:187	mult:0.979058
[2024-08-27 13:55:11] DEBUG: 13	len:31420	cov:187	mult:0.979058
[2024-08-27 13:55:11] DEBUG: -13	len:31420	cov:187	mult:0.979058
[2024-08-27 13:55:11] DEBUG: 14	len:119548	cov:203	mult:1.06283
[2024-08-27 13:55:11] DEBUG: -14	len:119548	cov:203	mult:1.06283
[2024-08-27 13:55:11] DEBUG: 15	len:401810	cov:192	mult:1.00524
[2024-08-27 13:55:11] DEBUG: -15	len:401810	cov:192	mult:1.00524
[2024-08-27 13:55:11] DEBUG: 21	len:80429	cov:188	mult:0.984293
[2024-08-27 13:55:11] DEBUG: -21	len:80429	cov:188	mult:0.984293
[2024-08-27 13:55:11] DEBUG: 22	len:187397	cov:186	mult:0.973822
[2024-08-27 13:55:11] DEBUG: -22	len:187397	cov:186	mult:0.973822
[2024-08-27 13:55:11] DEBUG: 25	len:1423	cov:375	mult:1.96335
[2024-08-27 13:55:11] DEBUG: -25	len:1423	cov:375	mult:1.96335
[2024-08-27 13:55:11] DEBUG: 28	len:1419	cov:410	mult:2.1466
[2024-08-27 13:55:11] DEBUG: -28	len:1419	cov:410	mult:2.1466
[2024-08-27 13:55:11] DEBUG: 32	len:182150	cov:199	mult:1.04188
[2024-08-27 13:55:11] DEBUG: -32	len:182150	cov:199	mult:1.04188
[2024-08-27 13:55:11] DEBUG: 33	len:513896	cov:187	mult:0.979058
[2024-08-27 13:55:11] DEBUG: -33	len:513896	cov:187	mult:0.979058
[2024-08-27 13:55:11] DEBUG: 34	len:453286	cov:186	mult:0.973822
[2024-08-27 13:55:11] DEBUG: -34	len:453286	cov:186	mult:0.973822
[2024-08-27 13:55:11] DEBUG: 35	len:124599	cov:184	mult:0.963351
[2024-08-27 13:55:11] DEBUG: -35	len:124599	cov:184	mult:0.963351
[2024-08-27 13:55:11] DEBUG: 36	len:111979	cov:196	mult:1.02618
[2024-08-27 13:55:11] DEBUG: -36	len:111979	cov:196	mult:1.02618
[2024-08-27 13:55:11] DEBUG: 37	len:5117	cov:1298	mult:6.79581
[2024-08-27 13:55:11] DEBUG: -37	len:5117	cov:1298	mult:6.79581
[2024-08-27 13:55:11] DEBUG: 38	len:595260	cov:191	mult:1
[2024-08-27 13:55:11] DEBUG: -38	len:595260	cov:191	mult:1
[2024-08-27 13:55:11] DEBUG: 39	len:201988	cov:189	mult:0.989529
[2024-08-27 13:55:11] DEBUG: -39	len:201988	cov:189	mult:0.989529
[2024-08-27 13:55:11] DEBUG: 40	len:1366208	cov:188	mult:0.984293
[2024-08-27 13:55:11] DEBUG: -40	len:1366208	cov:188	mult:0.984293
[2024-08-27 13:55:11] DEBUG: 41	len:650674	cov:189	mult:0.989529
[2024-08-27 13:55:11] DEBUG: -41	len:650674	cov:189	mult:0.989529
[2024-08-27 13:55:11] DEBUG: Unique coverage threshold 336
[2024-08-27 13:55:11] INFO: Simplifying the graph
[2024-08-27 13:55:11] DEBUG: Read coverage cutoff: 38
[2024-08-27 13:55:11] DEBUG: [SIMPL] Removed 0 paths with low coverage
[2024-08-27 13:55:11] DEBUG: [SIMPL] Masked 0 heterozygous loops
[2024-08-27 13:55:11] DEBUG: [SIMPL] Masked 0 simple bubbles
[2024-08-27 13:55:11] DEBUG: Finding repeats
[2024-08-27 13:55:11] DEBUG: Read coverage cutoff: 38
[2024-08-27 13:55:11] DEBUG: High-cov: 6	2318	351
[2024-08-27 13:55:11] DEBUG: High-cov: 25	1423	375
[2024-08-27 13:55:11] DEBUG: High-cov: 28	1419	410
[2024-08-27 13:55:11] DEBUG: High-cov: 37	5117	1298
[2024-08-27 13:55:11] DEBUG: Repeat detection iteration 1
[2024-08-27 13:55:11] DEBUG: Writing Dot
[2024-08-27 13:55:11] DEBUG: Writing FASTA
[2024-08-27 13:55:11] DEBUG: [SIMPL] == Iteration 1 ==
[2024-08-27 13:55:11] DEBUG: Splitting nodes
[2024-08-27 13:55:11] DEBUG: [SIMPL] Split 0 nodes
[2024-08-27 13:55:11] DEBUG: [SIMPL] Clipped 0 short and 0 long tips
[2024-08-27 13:55:11] DEBUG: [SIMPL] Masked 0 heterozygous loops
[2024-08-27 13:55:11] DEBUG: [SIMPL] Masked 0 simple bubbles
[2024-08-27 13:55:11] DEBUG: Finding repeats
[2024-08-27 13:55:11] DEBUG: Read coverage cutoff: 38
[2024-08-27 13:55:11] DEBUG: High-cov: 6	2318	351
[2024-08-27 13:55:11] DEBUG: High-cov: 25	1423	375
[2024-08-27 13:55:11] DEBUG: High-cov: 28	1419	410
[2024-08-27 13:55:11] DEBUG: High-cov: 37	5117	1298
[2024-08-27 13:55:11] DEBUG: Repeat detection iteration 1
[2024-08-27 13:55:11] DEBUG: Total unique edges: 16
[2024-08-27 13:55:11] DEBUG: 	Connection -14	35	1	1
[2024-08-27 13:55:11] DEBUG: 	Connection 40	-41	46	0.989247
[2024-08-27 13:55:11] DEBUG: 	Connection -39	13	1	1
[2024-08-27 13:55:11] DEBUG: 	Connection 15	-39	49	0.989899
[2024-08-27 13:55:11] DEBUG: 	Connection -40	-21	32	0.984615
[2024-08-27 13:55:11] DEBUG: 	Connection -41	-22	48	0.989691
[2024-08-27 13:55:11] DEBUG: 	Connection -33	7	4	1
[2024-08-27 13:55:11] DEBUG: 	Connection 34	-7	7	1
[2024-08-27 13:55:11] DEBUG: 	Connection 36	-13	1	1
[2024-08-27 13:55:11] DEBUG: [SIMPL] Resolved repeats: 9
[2024-08-27 13:55:11] DEBUG: RR links: 382
[2024-08-27 13:55:11] DEBUG: Unresolved: 0
[2024-08-27 13:55:11] DEBUG: Removed 0 simple and 0 double chimeric junctions
[2024-08-27 13:55:11] DEBUG: [SIMPL] == Iteration 2 ==
[2024-08-27 13:55:11] DEBUG: Splitting nodes
[2024-08-27 13:55:11] DEBUG: [SIMPL] Split 0 nodes
[2024-08-27 13:55:11] DEBUG: [SIMPL] Clipped 0 short and 0 long tips
[2024-08-27 13:55:11] DEBUG: [SIMPL] Masked 0 heterozygous loops
[2024-08-27 13:55:11] DEBUG: [SIMPL] Masked 0 simple bubbles
[2024-08-27 13:55:11] DEBUG: Finding repeats
[2024-08-27 13:55:11] DEBUG: Read coverage cutoff: 38
[2024-08-27 13:55:11] DEBUG: High-cov: 37	5117	1298
[2024-08-27 13:55:11] DEBUG: Repeat detection iteration 1
[2024-08-27 13:55:11] DEBUG: Total unique edges: 25
[2024-08-27 13:55:11] DEBUG: [SIMPL] Resolved repeats: 0
[2024-08-27 13:55:11] DEBUG: RR links: 0
[2024-08-27 13:55:11] DEBUG: Unresolved: 0
[2024-08-27 13:55:11] DEBUG: Removed 0 simple and 0 double chimeric junctions
[2024-08-27 13:55:11] DEBUG: [SIMPL] Collapsed 0 haplotypes
[2024-08-27 13:55:11] DEBUG: [SIMPL] Resolved 0 simple repeats
[2024-08-27 13:55:11] DEBUG: Read coverage cutoff: 38
[2024-08-27 13:55:11] DEBUG: [SIMPL] Removed 0 paths with low coverage
[2024-08-27 13:55:11] DEBUG: Finding repeats
[2024-08-27 13:55:11] DEBUG: Read coverage cutoff: 38
[2024-08-27 13:55:11] DEBUG: High-cov: 37	5117	1298
[2024-08-27 13:55:11] DEBUG: Repeat detection iteration 1
[2024-08-27 13:55:11] DEBUG: Writing Dot
[2024-08-27 13:55:12] DEBUG: Writing FASTA
[2024-08-27 13:55:12] DEBUG: Peak RAM usage: 1 Gb
-----------End assembly log------------
[2024-08-27 13:55:13] root: INFO: >>>STAGE: contigger
[2024-08-27 13:55:13] root: INFO: Generating contigs
[2024-08-27 13:55:13] root: DEBUG: -----Begin contigger analyser log------
[2024-08-27 13:55:13] root: DEBUG: Running: flye-modules contigger --graph-edges /scratch/scw2160/02_outputs/flye_asm/flye_asm_1Dt2d_part2/20-repeat/repeat_graph_edges.fasta --reads /scratch/b.rnc19dyy/01_data/nanopore_basecall_sup/dtinc_isolates_part2/pass/barcode01_1Dt2d.fastq.gz --out-dir /scratch/scw2160/02_outputs/flye_asm/flye_asm_1Dt2d_part2/30-contigger --config /apps/genomics/Flye/2.9/el7/AVX512/gnu-7.3/lib/python2.7/site-packages/flye/config/bin_cfg/asm_nano_hq.cfg --repeat-graph /scratch/scw2160/02_outputs/flye_asm/flye_asm_1Dt2d_part2/20-repeat/repeat_graph_dump --graph-aln /scratch/scw2160/02_outputs/flye_asm/flye_asm_1Dt2d_part2/20-repeat/read_alignment_dump --log /scratch/scw2160/02_outputs/flye_asm/flye_asm_1Dt2d_part2/flye.log --threads 20 --min-ovlp 2000
[2024-08-27 13:55:13] DEBUG: Build date: Feb 16 2022 10:51:00
[2024-08-27 13:55:13] DEBUG: Total RAM: 187 Gb
[2024-08-27 13:55:13] DEBUG: Available RAM: 173 Gb
[2024-08-27 13:55:13] DEBUG: Total CPUs: 40
[2024-08-27 13:55:13] DEBUG: Loading /apps/genomics/Flye/2.9/el7/AVX512/gnu-7.3/lib/python2.7/site-packages/flye/config/bin_cfg/asm_nano_hq.cfg
[2024-08-27 13:55:13] DEBUG: Loading /apps/genomics/Flye/2.9/el7/AVX512/gnu-7.3/lib/python2.7/site-packages/flye/config/bin_cfg/asm_defaults.cfg
[2024-08-27 13:55:13] DEBUG: 	big_genome_threshold=29000000
[2024-08-27 13:55:13] DEBUG: 	meta_read_filter_kmer_freq=100
[2024-08-27 13:55:13] DEBUG: 	chain_large_gap_penalty=2
[2024-08-27 13:55:13] DEBUG: 	chain_small_gap_penalty=0.5
[2024-08-27 13:55:13] DEBUG: 	chain_gap_jump_threshold=100
[2024-08-27 13:55:13] DEBUG: 	max_coverage_drop_rate=5
[2024-08-27 13:55:13] DEBUG: 	max_extensions_drop_rate=5
[2024-08-27 13:55:13] DEBUG: 	chimera_window=100
[2024-08-27 13:55:13] DEBUG: 	chimera_overhang=1000
[2024-08-27 13:55:13] DEBUG: 	min_reads_in_disjointig=4
[2024-08-27 13:55:13] DEBUG: 	max_inner_reads=10
[2024-08-27 13:55:13] DEBUG: 	max_inner_fraction=0.25
[2024-08-27 13:55:13] DEBUG: 	max_separation=500
[2024-08-27 13:55:13] DEBUG: 	unique_edge_length=50000
[2024-08-27 13:55:13] DEBUG: 	min_repeat_res_support=0.51
[2024-08-27 13:55:13] DEBUG: 	out_paths_ratio=5
[2024-08-27 13:55:13] DEBUG: 	graph_cov_drop_rate=5
[2024-08-27 13:55:13] DEBUG: 	coverage_estimate_window=100
[2024-08-27 13:55:13] DEBUG: 	max_bubble_length=50000
[2024-08-27 13:55:13] DEBUG: 	loop_coverage_rate=1.5
[2024-08-27 13:55:13] DEBUG: 	repeat_edge_cov_mult=1.75
[2024-08-27 13:55:13] DEBUG: 	weak_detach_rate=5
[2024-08-27 13:55:13] DEBUG: 	tip_coverage_rate=2
[2024-08-27 13:55:13] DEBUG: 	tip_length_rate=2
[2024-08-27 13:55:13] DEBUG: 	output_gfa_before_rr=0
[2024-08-27 13:55:13] DEBUG: 	low_cutoff_warning=0
[2024-08-27 13:55:13] DEBUG: 	kmer_size=17
[2024-08-27 13:55:13] DEBUG: 	use_minimizers=1
[2024-08-27 13:55:13] DEBUG: 	minimizer_window=5
[2024-08-27 13:55:13] DEBUG: 	reads_base_alignment=1
[2024-08-27 13:55:13] DEBUG: 	meta_read_top_kmer_rate=0.75
[2024-08-27 13:55:13] DEBUG: 	maximum_jump=1500
[2024-08-27 13:55:13] DEBUG: 	maximum_overhang=1500
[2024-08-27 13:55:13] DEBUG: 	repeat_kmer_rate=100
[2024-08-27 13:55:13] DEBUG: 	assemble_ovlp_divergence=0.05
[2024-08-27 13:55:13] DEBUG: 	assemble_divergence_relative=1
[2024-08-27 13:55:13] DEBUG: 	repeat_graph_ovlp_divergence=0.05
[2024-08-27 13:55:13] DEBUG: 	read_align_ovlp_divergence=0.10
[2024-08-27 13:55:13] DEBUG: 	hpc_scoring_on=1
[2024-08-27 13:55:13] DEBUG: 	add_unassembled_reads=0
[2024-08-27 13:55:13] DEBUG: 	extend_contigs_with_repeats=0
[2024-08-27 13:55:13] DEBUG: 	min_read_cov_cutoff=3
[2024-08-27 13:55:13] DEBUG: 	short_tip_length=20000
[2024-08-27 13:55:13] DEBUG: 	long_tip_length=100000
[2024-08-27 13:55:13] DEBUG: Running with k-mer size: 17
[2024-08-27 13:55:13] DEBUG: Selected minimum overlap 2000
[2024-08-27 13:55:13] INFO: Reading sequences
[2024-08-27 13:55:32] DEBUG: Building positional index
[2024-08-27 13:55:32] DEBUG: Total sequence: 1223495460 bp
[2024-08-27 13:55:34] DEBUG: Flipped 0
[2024-08-27 13:55:34] DEBUG: UPath 1: 49 -> -34 -> -33 -> -48 -> 7
[2024-08-27 13:55:34] DEBUG: UPath 2: 12
[2024-08-27 13:55:34] DEBUG: UPath 3: 15 -> 45 -> -39 -> 44 -> 13 -> 50 -> -36 -> -35 -> -42 -> 14
[2024-08-27 13:55:34] DEBUG: UPath 4: 21 -> 46 -> 40 -> -43 -> -41 -> 47 -> -22
[2024-08-27 13:55:34] DEBUG: UPath 5: 32
[2024-08-27 13:55:34] DEBUG: UPath 6: 37
[2024-08-27 13:55:34] DEBUG: UPath 7: 38
[2024-08-27 13:55:34] DEBUG: Final graph contains 7 egdes
[2024-08-27 13:55:34] DEBUG: Extending contigs into repeats
[2024-08-27 13:55:34] DEBUG: Covered 1 repetitive contigs
[2024-08-27 13:55:34] INFO: Generated 6 contigs
[2024-08-27 13:55:34] DEBUG: Writing FASTA
[2024-08-27 13:55:34] DEBUG: Generating scaffold connections
[2024-08-27 13:55:34] INFO: Added 0 scaffold connections
[2024-08-27 13:55:34] DEBUG: Writing Dot
[2024-08-27 13:55:34] DEBUG: Writing FASTA
[2024-08-27 13:55:34] DEBUG: Writing Gfa
[2024-08-27 13:55:34] DEBUG: Peak RAM usage: 0 Gb
-----------End assembly log------------
[2024-08-27 13:55:35] root: INFO: >>>STAGE: polishing
[2024-08-27 13:55:35] root: INFO: Polishing genome (1/1)
[2024-08-27 13:55:35] root: INFO: Running minimap2
[2024-08-27 13:56:44] root: INFO: Separating alignment into bubbles
[2024-08-27 14:01:37] root: DEBUG: Generated 378123 bubbles
[2024-08-27 14:01:37] root: DEBUG: Split 0 long bubbles
[2024-08-27 14:01:37] root: DEBUG: Skipped 0 empty bubbles
[2024-08-27 14:01:37] root: DEBUG: Skipped 0 bubbles with long branches
[2024-08-27 14:01:37] root: INFO: Alignment error rate: 0.017494
[2024-08-27 14:01:37] root: INFO: Correcting bubbles
[2024-08-27 14:02:00] root: DEBUG: Mean contig coverage: 225, selected threshold: 45
[2024-08-27 14:02:00] root: DEBUG: Filtered 0 contigs of total length 0
[2024-08-27 14:02:00] root: DEBUG: Generating polished GFA
[2024-08-27 14:02:03] root: DEBUG: 0 sequences remained unpolished
[2024-08-27 14:02:03] root: INFO: >>>STAGE: finalize
[2024-08-27 14:02:03] root: DEBUG: ---Output dir contents:----
[2024-08-27 14:02:03] root: DEBUG: flye_asm_1Dt2d_part2/
[2024-08-27 14:02:03] root: DEBUG:     5.0 M       assembly.fasta
[2024-08-27 14:02:03] root: DEBUG:     5.0 M       assembly_graph.gfa
[2024-08-27 14:02:03] root: DEBUG:     92.0 B      params.json
[2024-08-27 14:02:03] root: DEBUG:     939.0 B     assembly_graph.gv
[2024-08-27 14:02:03] root: DEBUG:     42.0 K      flye.log
[2024-08-27 14:02:03] root: DEBUG:     10-consensus/
[2024-08-27 14:02:03] root: DEBUG:         111.0 K     minimap.bam.bai
[2024-08-27 14:02:03] root: DEBUG:         5.0 M       consensus.fasta
[2024-08-27 14:02:03] root: DEBUG:         1.0 K       minimap.stderr
[2024-08-27 14:02:03] root: DEBUG:     00-assembly/
[2024-08-27 14:02:03] root: DEBUG:         334.0 B     draft_assembly.fasta.fai
[2024-08-27 14:02:03] root: DEBUG:         5.0 M       draft_assembly.fasta
[2024-08-27 14:02:03] root: DEBUG:     40-polishing/
[2024-08-27 14:02:03] root: DEBUG:         5.0 M       filtered_contigs.fasta
[2024-08-27 14:02:03] root: DEBUG:         148.0 B     filtered_stats.txt
[2024-08-27 14:02:03] root: DEBUG:         5.0 M       polished_edges.gfa
[2024-08-27 14:02:03] root: DEBUG:         148.0 B     contigs_stats.txt
[2024-08-27 14:02:03] root: DEBUG:         3.0 K       edges_aln.bam.bai
[2024-08-27 14:02:03] root: DEBUG:         110.0 K     minimap_1.bam.bai
[2024-08-27 14:02:03] root: DEBUG:         176.0 B     filtered_contigs.fasta.fai
[2024-08-27 14:02:03] root: DEBUG:         915.0 B     minimap.stderr
[2024-08-27 14:02:03] root: DEBUG:     20-repeat/
[2024-08-27 14:02:03] root: DEBUG:         2.0 K       graph_before_rr.gv
[2024-08-27 14:02:03] root: DEBUG:         6.0 K       repeat_graph_dump
[2024-08-27 14:02:03] root: DEBUG:         5.0 M       graph_before_rr.fasta
[2024-08-27 14:02:03] root: DEBUG:         5.0 M       repeat_graph_edges.fasta
[2024-08-27 14:02:03] root: DEBUG:         3.0 K       graph_after_rr.gv
[2024-08-27 14:02:03] root: DEBUG:         96.0 M      read_alignment_dump
[2024-08-27 14:02:03] root: DEBUG:     30-contigger/
[2024-08-27 14:02:03] root: DEBUG:         5.0 M       contigs.fasta
[2024-08-27 14:02:03] root: DEBUG:         5.0 M       graph_final.gfa
[2024-08-27 14:02:03] root: DEBUG:         5.0 M       graph_final.fasta
[2024-08-27 14:02:03] root: DEBUG:         939.0 B     graph_final.gv
[2024-08-27 14:02:03] root: DEBUG:         176.0 B     contigs.fasta.fai
[2024-08-27 14:02:03] root: DEBUG:         303.0 B     contigs_stats.txt
[2024-08-27 14:02:03] root: DEBUG:         0.0 B       scaffolds_links.txt
[2024-08-27 14:02:03] root: DEBUG: --------------------------
[2024-08-27 14:02:03] root: INFO: Assembly statistics:

	Total length:	5345294
	Fragments:	6
	Fragments N50:	1019507
	Largest frg:	2288975
	Scaffolds:	0
	Mean coverage:	225

[2024-08-27 14:02:03] root: INFO: Final assembly: /scratch/scw2160/02_outputs/flye_asm/flye_asm_1Dt2d_part2/assembly.fasta
