[2024-08-27 15:49:24] root: INFO: Starting Flye 2.9-b1768
[2024-08-27 15:49:24] root: DEBUG: Cmd: /apps/genomics/Flye/2.9/el7/AVX512/gnu-7.3//bin/flye --nano-hq /scratch/b.rnc19dyy/01_data/nanopore_basecall_sup/dtinc_isolates_part2/pass/barcode05_3Dt2j_m1000q18.fastq --out-dir /scratch/scw2160/02_outputs/flye_asm/flye_asm_3Dt2j_part2subset --threads 16
[2024-08-27 15:49:24] root: DEBUG: Python version: 3.6.8 (default, Nov 16 2020, 16:55:22) 
[GCC 4.8.5 20150623 (Red Hat 4.8.5-44)]
[2024-08-27 15:49:24] root: INFO: >>>STAGE: configure
[2024-08-27 15:49:24] root: INFO: Configuring run
[2024-08-27 15:49:29] root: INFO: Total read length: 933326677
[2024-08-27 15:49:29] root: INFO: Reads N50/N90: 3378 / 2131
[2024-08-27 15:49:29] root: INFO: Minimum overlap set to 2000
[2024-08-27 15:49:29] root: INFO: >>>STAGE: assembly
[2024-08-27 15:49:29] root: INFO: Assembling disjointigs
[2024-08-27 15:49:29] root: DEBUG: -----Begin assembly log------
[2024-08-27 15:49:29] root: DEBUG: Running: flye-modules assemble --reads /scratch/b.rnc19dyy/01_data/nanopore_basecall_sup/dtinc_isolates_part2/pass/barcode05_3Dt2j_m1000q18.fastq --out-asm /scratch/scw2160/02_outputs/flye_asm/flye_asm_3Dt2j_part2subset/00-assembly/draft_assembly.fasta --config /apps/genomics/Flye/2.9/el7/AVX512/gnu-7.3/lib/python2.7/site-packages/flye/config/bin_cfg/asm_nano_hq.cfg --log /scratch/scw2160/02_outputs/flye_asm/flye_asm_3Dt2j_part2subset/flye.log --threads 16 --min-ovlp 2000
[2024-08-27 15:49:29] DEBUG: Build date: Feb 16 2022 10:50:35
[2024-08-27 15:49:29] DEBUG: Total RAM: 187 Gb
[2024-08-27 15:49:29] DEBUG: Available RAM: 174 Gb
[2024-08-27 15:49:29] DEBUG: Total CPUs: 40
[2024-08-27 15:49:29] DEBUG: Loading /apps/genomics/Flye/2.9/el7/AVX512/gnu-7.3/lib/python2.7/site-packages/flye/config/bin_cfg/asm_nano_hq.cfg
[2024-08-27 15:49:29] DEBUG: Loading /apps/genomics/Flye/2.9/el7/AVX512/gnu-7.3/lib/python2.7/site-packages/flye/config/bin_cfg/asm_defaults.cfg
[2024-08-27 15:49:29] DEBUG: 	big_genome_threshold=29000000
[2024-08-27 15:49:29] DEBUG: 	meta_read_filter_kmer_freq=100
[2024-08-27 15:49:29] DEBUG: 	chain_large_gap_penalty=2
[2024-08-27 15:49:29] DEBUG: 	chain_small_gap_penalty=0.5
[2024-08-27 15:49:29] DEBUG: 	chain_gap_jump_threshold=100
[2024-08-27 15:49:29] DEBUG: 	max_coverage_drop_rate=5
[2024-08-27 15:49:29] DEBUG: 	max_extensions_drop_rate=5
[2024-08-27 15:49:29] DEBUG: 	chimera_window=100
[2024-08-27 15:49:29] DEBUG: 	chimera_overhang=1000
[2024-08-27 15:49:29] DEBUG: 	min_reads_in_disjointig=4
[2024-08-27 15:49:29] DEBUG: 	max_inner_reads=10
[2024-08-27 15:49:29] DEBUG: 	max_inner_fraction=0.25
[2024-08-27 15:49:29] DEBUG: 	max_separation=500
[2024-08-27 15:49:29] DEBUG: 	unique_edge_length=50000
[2024-08-27 15:49:29] DEBUG: 	min_repeat_res_support=0.51
[2024-08-27 15:49:29] DEBUG: 	out_paths_ratio=5
[2024-08-27 15:49:29] DEBUG: 	graph_cov_drop_rate=5
[2024-08-27 15:49:29] DEBUG: 	coverage_estimate_window=100
[2024-08-27 15:49:29] DEBUG: 	max_bubble_length=50000
[2024-08-27 15:49:29] DEBUG: 	loop_coverage_rate=1.5
[2024-08-27 15:49:29] DEBUG: 	repeat_edge_cov_mult=1.75
[2024-08-27 15:49:29] DEBUG: 	weak_detach_rate=5
[2024-08-27 15:49:29] DEBUG: 	tip_coverage_rate=2
[2024-08-27 15:49:29] DEBUG: 	tip_length_rate=2
[2024-08-27 15:49:29] DEBUG: 	output_gfa_before_rr=0
[2024-08-27 15:49:29] DEBUG: 	low_cutoff_warning=0
[2024-08-27 15:49:29] DEBUG: 	kmer_size=17
[2024-08-27 15:49:29] DEBUG: 	use_minimizers=1
[2024-08-27 15:49:29] DEBUG: 	minimizer_window=5
[2024-08-27 15:49:29] DEBUG: 	reads_base_alignment=1
[2024-08-27 15:49:29] DEBUG: 	meta_read_top_kmer_rate=0.75
[2024-08-27 15:49:29] DEBUG: 	maximum_jump=1500
[2024-08-27 15:49:29] DEBUG: 	maximum_overhang=1500
[2024-08-27 15:49:29] DEBUG: 	repeat_kmer_rate=100
[2024-08-27 15:49:29] DEBUG: 	assemble_ovlp_divergence=0.05
[2024-08-27 15:49:29] DEBUG: 	assemble_divergence_relative=1
[2024-08-27 15:49:29] DEBUG: 	repeat_graph_ovlp_divergence=0.05
[2024-08-27 15:49:29] DEBUG: 	read_align_ovlp_divergence=0.10
[2024-08-27 15:49:29] DEBUG: 	hpc_scoring_on=1
[2024-08-27 15:49:29] DEBUG: 	add_unassembled_reads=0
[2024-08-27 15:49:29] DEBUG: 	extend_contigs_with_repeats=0
[2024-08-27 15:49:29] DEBUG: 	min_read_cov_cutoff=3
[2024-08-27 15:49:29] DEBUG: 	short_tip_length=20000
[2024-08-27 15:49:29] DEBUG: 	long_tip_length=100000
[2024-08-27 15:49:29] DEBUG: Running with k-mer size: 17
[2024-08-27 15:49:29] DEBUG: Running with minimum overlap 2000
[2024-08-27 15:49:29] DEBUG: Metagenome mode: N
[2024-08-27 15:49:29] DEBUG: Short mode: N
[2024-08-27 15:49:29] INFO: Reading sequences
[2024-08-27 15:49:37] DEBUG: Building positional index
[2024-08-27 15:49:37] DEBUG: Total sequence: 862913166 bp
[2024-08-27 15:49:37] INFO: Building minimizer index
[2024-08-27 15:49:37] INFO: Pre-calculating index storage
[2024-08-27 15:49:47] DEBUG: Mean k-mer frequency: 14.151
[2024-08-27 15:49:47] DEBUG: Repetitive k-mer frequency: 1415
[2024-08-27 15:49:47] DEBUG: Filtered 57590 repetitive k-mers (0.000201063)
[2024-08-27 15:49:48] INFO: Filling index
[2024-08-27 15:49:58] DEBUG: Sorting k-mer index
[2024-08-27 15:50:01] DEBUG: Selected k-mers: 20240830
[2024-08-27 15:50:01] DEBUG: K-mer index size: 286370469
[2024-08-27 15:50:01] DEBUG: Mean k-mer frequency: 14.1482
[2024-08-27 15:50:01] DEBUG: Minimizer rate: 3.01328
[2024-08-27 15:50:01] DEBUG: Peak RAM usage: 2 Gb
[2024-08-27 15:50:01] DEBUG: Estimating k-mer identity bias
[2024-08-27 15:50:08] DEBUG: Initial divergence estimate : 0.0177329
[2024-08-27 15:50:08] DEBUG: Relative threshold: Y
[2024-08-27 15:50:08] DEBUG: Max divergence threshold set to 0.0677329
[2024-08-27 15:50:08] INFO: Extending reads
[2024-08-27 15:50:08] DEBUG: Estimating overlap coverage
[2024-08-27 15:51:42] INFO: Overlap-based coverage: 309
[2024-08-27 15:51:42] INFO: Median overlap divergence: 0.0177515
[2024-08-27 15:51:42] DEBUG: Sequence divergence distribution: 

    |   *         |                                                                                      
    |   *         |                                                                                      
    |   *         |                                                                                      
    |   *         |                                                                                      
    |   *         |                                                                                      
    |  **         |                                                                                      
    |  ***        |                                                                                      
    |  ***        |                                                                                      
    |  ***        |                                                                                      
    |  ***        |                                                                                      
    |  ***        |                                                                                      
    |  ***        |                                                                                      
    |  ***        |                                                                                      
    |  ***        |                                                                                      
    |  ****       |                                                                                      
    |  ****       |                                                                                      
    | *****       |                                                                                      
    | *****       |                                                                                      
    | ******      |                                                                                      
    |*********    |                                                                                      
    ----------------------------------------------------------------------------------------------------
    0%        5%        10%       15%       20%       25%       30%       35%       40%       45%       

    Q25 = 0.014, Q50 = 0.018, Q75 = 0.022

[2024-08-27 15:51:49] DEBUG: Assembled disjointig 1
	With 5 reads
	Start read: +60509900-cdf5-4d63-939e-071e5ea99064
	At position: 3
	leftTip: 1 rightTip: 1
	Suspicious: 3
	Short ext: 0
	Mean extensions: 32
	Avg overlap len: 2934
	Min overlap len: 2217
	Inner reads: 0
	Length: 8449
[2024-08-27 15:51:49] DEBUG: Inner: 942 covered: 1010 total: 514898
[2024-08-27 15:51:51] DEBUG: Assembled disjointig 2
	With 13 reads
	Start read: +4456294b-62b2-4ca1-ad18-95e331c89fa7
	At position: 8
	leftTip: 1 rightTip: 1
	Suspicious: 2
	Short ext: 1
	Mean extensions: 115
	Avg overlap len: 4070
	Min overlap len: 1045
	Inner reads: 0
	Length: 25218
[2024-08-27 15:51:51] DEBUG: Inner: 6720 covered: 6726 total: 514898
[2024-08-27 15:51:52] DEBUG: Assembled disjointig 3
	With 3 reads
	Start read: +f157b8fa-e6b2-41d3-9f37-92d3ea34dd94
	At position: 1
	leftTip: 1 rightTip: 1
	Suspicious: 1
	Short ext: 1
	Mean extensions: 72
	Avg overlap len: 2421
	Min overlap len: 1359
	Inner reads: 0
	Length: 6542
[2024-08-27 15:51:52] DEBUG: Inner: 7724 covered: 7712 total: 514898
[2024-08-27 15:51:53] DEBUG: Assembled disjointig 4
	With 28 reads
	Start read: +3bd999d6-d451-47f3-ae13-2590c3883b22
	At position: 12
	leftTip: 1 rightTip: 1
	Suspicious: 4
	Short ext: 2
	Mean extensions: 90
	Avg overlap len: 3707
	Min overlap len: 1372
	Inner reads: 0
	Length: 55627
[2024-08-27 15:51:53] DEBUG: Inner: 17264 covered: 17218 total: 514898
[2024-08-27 15:51:53] DEBUG: Discarded disjointig with 28 reads and 26 inner overlaps
[2024-08-27 15:51:53] DEBUG: Discarded disjointig with 11 reads and 9 inner overlaps
[2024-08-27 15:51:54] DEBUG: Assembled disjointig 5
	With 30 reads
	Start read: +3b1fdba4-845d-43b0-9581-3e4625d275bd
	At position: 18
	leftTip: 1 rightTip: 1
	Suspicious: 3
	Short ext: 3
	Mean extensions: 80
	Avg overlap len: 3835
	Min overlap len: 1524
	Inner reads: 0
	Length: 58273
[2024-08-27 15:51:54] DEBUG: Inner: 27456 covered: 27382 total: 514898
[2024-08-27 15:51:55] DEBUG: Assembled disjointig 6
	With 10 reads
	Start read: +e060143d-6ba1-4722-a896-55545faa1b35
	At position: 5
	leftTip: 1 rightTip: 1
	Suspicious: 3
	Short ext: 0
	Mean extensions: 90
	Avg overlap len: 4476
	Min overlap len: 2287
	Inner reads: 0
	Length: 21653
[2024-08-27 15:51:55] DEBUG: Inner: 31436 covered: 31342 total: 514898
[2024-08-27 15:51:55] DEBUG: Discarded disjointig with 12 reads and 10 inner overlaps
[2024-08-27 15:51:55] DEBUG: Assembled disjointig 7
	With 17 reads
	Start read: +3e252a58-73d4-4220-8c43-b018325bc7ad
	At position: 13
	leftTip: 1 rightTip: 1
	Suspicious: 2
	Short ext: 1
	Mean extensions: 61
	Avg overlap len: 3691
	Min overlap len: 1488
	Inner reads: 0
	Length: 36942
[2024-08-27 15:51:55] DEBUG: Inner: 36960 covered: 36842 total: 514898
[2024-08-27 15:51:57] DEBUG: Discarded disjointig with 36 reads and 18 inner overlaps
[2024-08-27 15:51:59] DEBUG: Assembled disjointig 8
	With 11 reads
	Start read: +6a474114-1d32-4582-bee8-d0dd7d34bb8f
	At position: 7
	leftTip: 1 rightTip: 1
	Suspicious: 3
	Short ext: 2
	Mean extensions: 66
	Avg overlap len: 3666
	Min overlap len: 1869
	Inner reads: 0
	Length: 21055
[2024-08-27 15:51:59] DEBUG: Inner: 39638 covered: 39534 total: 514898
[2024-08-27 15:52:00] DEBUG: Assembled disjointig 9
	With 5 reads
	Start read: +1922aea7-0843-4896-b2d5-6c9f404a67c5
	At position: 3
	leftTip: 1 rightTip: 1
	Suspicious: 2
	Short ext: 0
	Mean extensions: 65
	Avg overlap len: 3749
	Min overlap len: 3248
	Inner reads: 0
	Length: 9958
[2024-08-27 15:52:00] DEBUG: Inner: 41000 covered: 40842 total: 514898
[2024-08-27 15:52:00] DEBUG: Assembled disjointig 10
	With 49 reads
	Start read: +673f7680-1a7c-4f39-b3bc-34bbbbfa1483
	At position: 36
	leftTip: 1 rightTip: 1
	Suspicious: 8
	Short ext: 1
	Mean extensions: 81
	Avg overlap len: 3857
	Min overlap len: 1687
	Inner reads: 0
	Length: 92472
[2024-08-27 15:52:00] DEBUG: Inner: 57288 covered: 57088 total: 514898
[2024-08-27 15:52:00] DEBUG: Discarded disjointig with 3 reads and 1 inner overlaps
[2024-08-27 15:52:01] DEBUG: Assembled disjointig 11
	With 77 reads
	Start read: +d955ad6d-2910-4a57-a60d-4367674a8ab9
	At position: 57
	leftTip: 1 rightTip: 1
	Suspicious: 3
	Short ext: 3
	Mean extensions: 90
	Avg overlap len: 3913
	Min overlap len: 1366
	Inner reads: 0
	Length: 162385
[2024-08-27 15:52:01] DEBUG: Inner: 87298 covered: 87036 total: 514898
[2024-08-27 15:52:01] DEBUG: Discarded disjointig with 79 reads and 77 inner overlaps
[2024-08-27 15:52:01] DEBUG: Assembled disjointig 12
	With 31 reads
	Start read: +629eb7f3-ad51-4270-8c3a-b5fef23fd8c8
	At position: 29
	leftTip: 1 rightTip: 1
	Suspicious: 5
	Short ext: 3
	Mean extensions: 104
	Avg overlap len: 4203
	Min overlap len: 1172
	Inner reads: 0
	Length: 63408
[2024-08-27 15:52:01] DEBUG: Inner: 101760 covered: 101448 total: 514898
[2024-08-27 15:52:03] DEBUG: Assembled disjointig 13
	With 4 reads
	Start read: +a521af3b-86b9-4a16-b230-8c598d64f1fc
	At position: 1
	leftTip: 1 rightTip: 1
	Suspicious: 1
	Short ext: 1
	Mean extensions: 49
	Avg overlap len: 3412
	Min overlap len: 1566
	Inner reads: 0
	Length: 10227
[2024-08-27 15:52:03] DEBUG: Inner: 103014 covered: 102652 total: 514898
[2024-08-27 15:52:03] DEBUG: Assembled disjointig 14
	With 6 reads
	Start read: +22b5bad5-cdf0-4795-b767-14cd5021b417
	At position: 6
	leftTip: 1 rightTip: 1
	Suspicious: 1
	Short ext: 1
	Mean extensions: 82
	Avg overlap len: 3313
	Min overlap len: 1502
	Inner reads: 0
	Length: 10758
[2024-08-27 15:52:03] DEBUG: Inner: 104856 covered: 104468 total: 514898
[2024-08-27 15:52:03] DEBUG: Assembled disjointig 15
	With 49 reads
	Start read: +12a1d21f-3c3e-4158-95b4-5fd46c4eee3e
	At position: 5
	leftTip: 1 rightTip: 1
	Suspicious: 6
	Short ext: 1
	Mean extensions: 101
	Avg overlap len: 4004
	Min overlap len: 1931
	Inner reads: 0
	Length: 93638
[2024-08-27 15:52:03] DEBUG: Inner: 122522 covered: 122136 total: 514898
[2024-08-27 15:52:04] DEBUG: Discarded disjointig with 31 reads and 29 inner overlaps
[2024-08-27 15:52:05] DEBUG: Assembled disjointig 16
	With 4 reads
	Start read: +f9cad8ac-6445-4b52-a35b-024cd34b015d
	At position: 3
	leftTip: 1 rightTip: 1
	Suspicious: 2
	Short ext: 2
	Mean extensions: 19
	Avg overlap len: 1573
	Min overlap len: 1477
	Inner reads: 0
	Length: 10244
[2024-08-27 15:52:05] DEBUG: Inner: 124018 covered: 123620 total: 514898
[2024-08-27 15:52:05] DEBUG: Assembled disjointig 17
	With 100 reads
	Start read: +f187f2f2-1298-46ca-92cc-8c0edffd7d71
	At position: 45
	leftTip: 1 rightTip: 1
	Suspicious: 3
	Short ext: 1
	Mean extensions: 98
	Avg overlap len: 4154
	Min overlap len: 1428
	Inner reads: 0
	Length: 195080
[2024-08-27 15:52:05] DEBUG: Inner: 163480 covered: 163048 total: 514898
[2024-08-27 15:52:05] DEBUG: Discarded disjointig with 101 reads and 99 inner overlaps
[2024-08-27 15:52:05] DEBUG: Discarded disjointig with 101 reads and 99 inner overlaps
[2024-08-27 15:52:05] DEBUG: Discarded disjointig with 99 reads and 97 inner overlaps
[2024-08-27 15:52:06] DEBUG: Discarded disjointig with 23 reads and 21 inner overlaps
[2024-08-27 15:52:07] DEBUG: Assembled disjointig 18
	With 10 reads
	Start read: +2e5c22bb-1d81-4fcf-81f3-7176f8fadce5
	At position: 7
	leftTip: 1 rightTip: 1
	Suspicious: 3
	Short ext: 0
	Mean extensions: 72
	Avg overlap len: 3922
	Min overlap len: 2424
	Inner reads: 0
	Length: 20327
[2024-08-27 15:52:07] DEBUG: Inner: 166998 covered: 166562 total: 514898
[2024-08-27 15:52:08] DEBUG: Discarded disjointig with 8 reads and 6 inner overlaps
[2024-08-27 15:52:08] DEBUG: Assembled disjointig 19
	With 39 reads
	Start read: +14bdf97d-8d4e-4527-af86-7509a46d5b7d
	At position: 13
	leftTip: 1 rightTip: 1
	Suspicious: 3
	Short ext: 0
	Mean extensions: 99
	Avg overlap len: 4028
	Min overlap len: 2062
	Inner reads: 0
	Length: 78008
[2024-08-27 15:52:08] DEBUG: Inner: 182656 covered: 182182 total: 514898
[2024-08-27 15:52:08] DEBUG: Assembled disjointig 20
	With 11 reads
	Start read: +ff60b82d-3e1c-4978-8003-07b920951328
	At position: 5
	leftTip: 1 rightTip: 1
	Suspicious: 3
	Short ext: 2
	Mean extensions: 74
	Avg overlap len: 3537
	Min overlap len: 1523
	Inner reads: 0
	Length: 23326
[2024-08-27 15:52:08] DEBUG: Inner: 185802 covered: 185310 total: 514898
[2024-08-27 15:52:08] DEBUG: Assembled disjointig 21
	With 38 reads
	Start read: +e3ef2131-97de-4279-a0b1-716fa0c54430
	At position: 16
	leftTip: 1 rightTip: 1
	Suspicious: 3
	Short ext: 2
	Mean extensions: 86
	Avg overlap len: 3991
	Min overlap len: 1261
	Inner reads: 0
	Length: 74498
[2024-08-27 15:52:08] DEBUG: Inner: 199454 covered: 198888 total: 514898
[2024-08-27 15:52:09] DEBUG: Assembled disjointig 22
	With 81 reads
	Start read: +905bea95-d63c-46c9-9f67-876bbe9594f8
	At position: 65
	leftTip: 1 rightTip: 1
	Suspicious: 2
	Short ext: 0
	Mean extensions: 98
	Avg overlap len: 4163
	Min overlap len: 2120
	Inner reads: 0
	Length: 168675
[2024-08-27 15:52:09] DEBUG: Inner: 234614 covered: 233972 total: 514898
[2024-08-27 15:52:09] DEBUG: Discarded disjointig with 82 reads and 80 inner overlaps
[2024-08-27 15:52:09] DEBUG: Discarded disjointig with 81 reads and 79 inner overlaps
[2024-08-27 15:52:11] DEBUG: Assembled disjointig 23
	With 19 reads
	Start read: +d6ef126b-9a51-47bf-b69d-ed5690147188
	At position: 19
	leftTip: 1 rightTip: 1
	Suspicious: 1
	Short ext: 0
	Mean extensions: 88
	Avg overlap len: 4023
	Min overlap len: 2225
	Inner reads: 0
	Length: 40321
[2024-08-27 15:52:11] DEBUG: Inner: 242200 covered: 241554 total: 514898
[2024-08-27 15:52:13] DEBUG: Assembled disjointig 24
	With 6 reads
	Start read: +5156a858-f23b-4dce-a53b-43a426364e54
	At position: 4
	leftTip: 1 rightTip: 1
	Suspicious: 2
	Short ext: 2
	Mean extensions: 53
	Avg overlap len: 2980
	Min overlap len: 1109
	Inner reads: 0
	Length: 12781
[2024-08-27 15:52:13] DEBUG: Inner: 244394 covered: 243714 total: 514898
[2024-08-27 15:52:13] DEBUG: Discarded disjointig with 19 reads and 17 inner overlaps
[2024-08-27 15:52:14] DEBUG: Assembled disjointig 25
	With 19 reads
	Start read: +b891c069-8fc3-4962-bba8-4bd7b44574f5
	At position: 1
	leftTip: 1 rightTip: 1
	Suspicious: 6
	Short ext: 0
	Mean extensions: 65
	Avg overlap len: 3987
	Min overlap len: 2459
	Inner reads: 0
	Length: 37091
[2024-08-27 15:52:14] DEBUG: Inner: 249964 covered: 249240 total: 514898
[2024-08-27 15:52:15] DEBUG: Assembled disjointig 26
	With 31 reads
	Start read: +df2fab87-a4ee-491c-b830-8b016cd2c716
	At position: 25
	leftTip: 1 rightTip: 0
	Suspicious: 5
	Short ext: 4
	Mean extensions: 86
	Avg overlap len: 4189
	Min overlap len: 1493
	Inner reads: 0
	Length: 62203
[2024-08-27 15:52:15] DEBUG: Inner: 261074 covered: 260348 total: 514898
[2024-08-27 15:52:15] DEBUG: Assembled disjointig 27
	With 7 reads
	Start read: +0a4c0e4d-eca8-41ef-b996-ba0511134275
	At position: 7
	leftTip: 1 rightTip: 1
	Suspicious: 4
	Short ext: 3
	Mean extensions: 31
	Avg overlap len: 3587
	Min overlap len: 1200
	Inner reads: 0
	Length: 16235
[2024-08-27 15:52:15] DEBUG: Inner: 263294 covered: 262524 total: 514898
[2024-08-27 15:52:16] DEBUG: Assembled disjointig 28
	With 7 reads
	Start read: +d16e64fb-600f-495c-8ad0-b099d8594812
	At position: 7
	leftTip: 1 rightTip: 1
	Suspicious: 1
	Short ext: 0
	Mean extensions: 75
	Avg overlap len: 3789
	Min overlap len: 2098
	Inner reads: 0
	Length: 15534
[2024-08-27 15:52:16] DEBUG: Inner: 265600 covered: 264802 total: 514898
[2024-08-27 15:52:17] DEBUG: Assembled disjointig 29
	With 5 reads
	Start read: +c893277a-cb85-4b5b-8e51-26661b31ee02
	At position: 1
	leftTip: 1 rightTip: 1
	Suspicious: 1
	Short ext: 0
	Mean extensions: 68
	Avg overlap len: 3247
	Min overlap len: 2030
	Inner reads: 0
	Length: 11154
[2024-08-27 15:52:17] DEBUG: Inner: 267272 covered: 266466 total: 514898
[2024-08-27 15:52:17] DEBUG: Assembled disjointig 30
	With 18 reads
	Start read: +775c04f5-e4d7-4a7a-9c16-b18ca2f0e059
	At position: 14
	leftTip: 0 rightTip: 1
	Suspicious: 4
	Short ext: 1
	Mean extensions: 88
	Avg overlap len: 3816
	Min overlap len: 1170
	Inner reads: 0
	Length: 36242
[2024-08-27 15:52:17] DEBUG: Inner: 273734 covered: 272886 total: 514898
[2024-08-27 15:52:19] DEBUG: Assembled disjointig 31
	With 8 reads
	Start read: +0664eaf3-96c1-4a34-9b66-dc9f7b399d15
	At position: 3
	leftTip: 1 rightTip: 1
	Suspicious: 2
	Short ext: 1
	Mean extensions: 76
	Avg overlap len: 3274
	Min overlap len: 1642
	Inner reads: 0
	Length: 16849
[2024-08-27 15:52:19] DEBUG: Inner: 276534 covered: 275674 total: 514898
[2024-08-27 15:52:19] DEBUG: Assembled disjointig 32
	With 27 reads
	Start read: +848b3ca4-6ab9-47f4-95e8-a06ad40f03d0
	At position: 12
	leftTip: 1 rightTip: 1
	Suspicious: 2
	Short ext: 2
	Mean extensions: 90
	Avg overlap len: 3940
	Min overlap len: 1087
	Inner reads: 0
	Length: 53531
[2024-08-27 15:52:19] DEBUG: Inner: 286484 covered: 285588 total: 514898
[2024-08-27 15:52:19] DEBUG: Discarded disjointig with 9 reads and 7 inner overlaps
[2024-08-27 15:52:19] DEBUG: Assembled disjointig 33
	With 54 reads
	Start read: +2546c816-d77f-4b99-9908-2e732a27b2e7
	At position: 51
	leftTip: 1 rightTip: 1
	Suspicious: 7
	Short ext: 2
	Mean extensions: 95
	Avg overlap len: 3925
	Min overlap len: 1251
	Inner reads: 0
	Length: 110239
[2024-08-27 15:52:19] DEBUG: Inner: 308314 covered: 307358 total: 514898
[2024-08-27 15:52:20] DEBUG: Discarded disjointig with 3 reads and 1 inner overlaps
[2024-08-27 15:52:20] DEBUG: Assembled disjointig 34
	With 34 reads
	Start read: +b879d78a-73a6-445f-b45c-b849b7659d74
	At position: 12
	leftTip: 1 rightTip: 1
	Suspicious: 4
	Short ext: 2
	Mean extensions: 80
	Avg overlap len: 3777
	Min overlap len: 1122
	Inner reads: 0
	Length: 72900
[2024-08-27 15:52:20] DEBUG: Inner: 320386 covered: 319368 total: 514898
[2024-08-27 15:52:21] DEBUG: Assembled disjointig 35
	With 15 reads
	Start read: +440e67b3-8238-463a-92a1-ff0d999d318f
	At position: 12
	leftTip: 1 rightTip: 1
	Suspicious: 2
	Short ext: 0
	Mean extensions: 78
	Avg overlap len: 3792
	Min overlap len: 2545
	Inner reads: 0
	Length: 31019
[2024-08-27 15:52:21] DEBUG: Inner: 325496 covered: 324454 total: 514898
[2024-08-27 15:52:22] DEBUG: Discarded disjointig with 4 reads and 2 inner overlaps
[2024-08-27 15:52:22] DEBUG: Assembled disjointig 36
	With 11 reads
	Start read: +53711687-940d-4379-a2f9-7d92e3a1538a
	At position: 8
	leftTip: 1 rightTip: 1
	Suspicious: 2
	Short ext: 1
	Mean extensions: 102
	Avg overlap len: 4230
	Min overlap len: 1594
	Inner reads: 0
	Length: 22962
[2024-08-27 15:52:22] DEBUG: Inner: 330260 covered: 329188 total: 514898
[2024-08-27 15:52:22] DEBUG: Discarded disjointig with 3 reads and 1 inner overlaps
[2024-08-27 15:52:22] DEBUG: Assembled disjointig 37
	With 49 reads
	Start read: +234868e4-332d-4128-ac26-7f5fbf273c77
	At position: 46
	leftTip: 1 rightTip: 1
	Suspicious: 5
	Short ext: 1
	Mean extensions: 109
	Avg overlap len: 3991
	Min overlap len: 1783
	Inner reads: 0
	Length: 95580
[2024-08-27 15:52:22] DEBUG: Inner: 351032 covered: 349916 total: 514898
[2024-08-27 15:52:22] DEBUG: Discarded disjointig with 20 reads and 18 inner overlaps
[2024-08-27 15:52:22] DEBUG: Discarded disjointig with 3 reads and 1 inner overlaps
[2024-08-27 15:52:22] DEBUG: Discarded disjointig with 40 reads and 38 inner overlaps
[2024-08-27 15:52:23] DEBUG: Discarded disjointig with 56 reads and 54 inner overlaps
[2024-08-27 15:52:23] DEBUG: Discarded disjointig with 46 reads and 44 inner overlaps
[2024-08-27 15:52:25] DEBUG: Assembled disjointig 38
	With 18 reads
	Start read: +dd3af681-e7b6-4e3c-9925-3f84b81c99f9
	At position: 2
	leftTip: 1 rightTip: 0
	Suspicious: 4
	Short ext: 1
	Mean extensions: 80
	Avg overlap len: 3679
	Min overlap len: 1542
	Inner reads: 0
	Length: 33026
[2024-08-27 15:52:25] DEBUG: Inner: 356874 covered: 355774 total: 514898
[2024-08-27 15:52:25] DEBUG: Discarded disjointig with 18 reads and 16 inner overlaps
[2024-08-27 15:52:25] DEBUG: Discarded disjointig with 15 reads and 13 inner overlaps
[2024-08-27 15:52:26] DEBUG: Assembled disjointig 39
	With 12 reads
	Start read: +ab3237a6-4c85-4d90-b25a-db818d963c10
	At position: 4
	leftTip: 1 rightTip: 1
	Suspicious: 3
	Short ext: 0
	Mean extensions: 54
	Avg overlap len: 3960
	Min overlap len: 2363
	Inner reads: 0
	Length: 24711
[2024-08-27 15:52:26] DEBUG: Inner: 360476 covered: 359344 total: 514898
[2024-08-27 15:52:27] DEBUG: Assembled disjointig 40
	With 28 reads
	Start read: +22454ead-a4cc-422f-944b-1d3c6f1a1d00
	At position: 10
	leftTip: 1 rightTip: 1
	Suspicious: 2
	Short ext: 2
	Mean extensions: 84
	Avg overlap len: 3881
	Min overlap len: 1351
	Inner reads: 0
	Length: 57574
[2024-08-27 15:52:27] DEBUG: Inner: 370890 covered: 369714 total: 514898
[2024-08-27 15:52:28] DEBUG: Assembled disjointig 41
	With 16 reads
	Start read: +6ac4a6d4-ac95-4c14-936e-c0ae376d0a1a
	At position: 15
	leftTip: 1 rightTip: 1
	Suspicious: 2
	Short ext: 1
	Mean extensions: 102
	Avg overlap len: 4169
	Min overlap len: 1841
	Inner reads: 0
	Length: 31060
[2024-08-27 15:52:28] DEBUG: Inner: 377886 covered: 376684 total: 514898
[2024-08-27 15:52:29] DEBUG: Assembled disjointig 42
	With 37 reads
	Start read: +b9d12f14-7ed5-4a11-b46d-253a442342c1
	At position: 34
	leftTip: 1 rightTip: 1
	Suspicious: 3
	Short ext: 2
	Mean extensions: 92
	Avg overlap len: 4193
	Min overlap len: 1097
	Inner reads: 0
	Length: 72693
[2024-08-27 15:52:29] DEBUG: Inner: 391960 covered: 390664 total: 514898
[2024-08-27 15:52:29] DEBUG: Discarded disjointig with 35 reads and 33 inner overlaps
[2024-08-27 15:52:30] DEBUG: Discarded disjointig with 20 reads and 18 inner overlaps
[2024-08-27 15:52:31] DEBUG: Assembled disjointig 43
	With 9 reads
	Start read: +897114e9-2142-49d6-93d8-6e4b5ac64e12
	At position: 5
	leftTip: 1 rightTip: 1
	Suspicious: 5
	Short ext: 1
	Mean extensions: 27
	Avg overlap len: 3190
	Min overlap len: 1400
	Inner reads: 0
	Length: 18099
[2024-08-27 15:52:31] DEBUG: Inner: 394498 covered: 393196 total: 514898
[2024-08-27 15:52:31] DEBUG: Assembled disjointig 44
	With 7 reads
	Start read: +13de4393-fbb5-4789-bdcb-e1e80e1799c7
	At position: 7
	leftTip: 1 rightTip: 1
	Suspicious: 3
	Short ext: 2
	Mean extensions: 27
	Avg overlap len: 4005
	Min overlap len: 1236
	Inner reads: 0
	Length: 13689
[2024-08-27 15:52:31] DEBUG: Inner: 396014 covered: 394684 total: 514898
[2024-08-27 15:52:31] DEBUG: Assembled disjointig 45
	With 19 reads
	Start read: +9056db56-6638-40eb-992d-1f5c74c346e0
	At position: 13
	leftTip: 1 rightTip: 0
	Suspicious: 3
	Short ext: 1
	Mean extensions: 77
	Avg overlap len: 3786
	Min overlap len: 1027
	Inner reads: 0
	Length: 36385
[2024-08-27 15:52:31] DEBUG: Inner: 401942 covered: 400604 total: 514898
[2024-08-27 15:52:31] DEBUG: Discarded disjointig with 8 reads and 6 inner overlaps
[2024-08-27 15:52:32] DEBUG: Assembled disjointig 46
	With 3 reads
	Start read: +dd0738da-a2a8-43c2-839d-312c6b055e36
	At position: 1
	leftTip: 1 rightTip: 1
	Suspicious: 1
	Short ext: 0
	Mean extensions: 79
	Avg overlap len: 4085
	Min overlap len: 2657
	Inner reads: 0
	Length: 6325
[2024-08-27 15:52:32] DEBUG: Inner: 402938 covered: 401554 total: 514898
[2024-08-27 15:52:33] DEBUG: Assembled disjointig 47
	With 26 reads
	Start read: +b677a0aa-7ecc-434b-97dd-6be50665507d
	At position: 5
	leftTip: 1 rightTip: 1
	Suspicious: 2
	Short ext: 2
	Mean extensions: 92
	Avg overlap len: 3795
	Min overlap len: 1040
	Inner reads: 0
	Length: 52771
[2024-08-27 15:52:33] DEBUG: Inner: 413538 covered: 412074 total: 514898
[2024-08-27 15:52:33] DEBUG: Discarded disjointig with 22 reads and 20 inner overlaps
[2024-08-27 15:52:34] DEBUG: Assembled disjointig 48
	With 33 reads
	Start read: +9b6a1491-c620-49ce-ad61-c1dedd9ccec6
	At position: 12
	leftTip: 0 rightTip: 1
	Suspicious: 3
	Short ext: 2
	Mean extensions: 117
	Avg overlap len: 3927
	Min overlap len: 1940
	Inner reads: 0
	Length: 68260
[2024-08-27 15:52:34] DEBUG: Inner: 426434 covered: 424886 total: 514898
[2024-08-27 15:52:35] DEBUG: Assembled disjointig 49
	With 8 reads
	Start read: +3355c503-4e7a-4c5b-a353-3eb3c7ad044c
	At position: 1
	leftTip: 1 rightTip: 1
	Suspicious: 2
	Short ext: 0
	Mean extensions: 106
	Avg overlap len: 3909
	Min overlap len: 2255
	Inner reads: 0
	Length: 15604
[2024-08-27 15:52:35] DEBUG: Inner: 429944 covered: 428380 total: 514898
[2024-08-27 15:52:35] DEBUG: Discarded disjointig with 8 reads and 6 inner overlaps
[2024-08-27 15:52:36] DEBUG: Assembled disjointig 50
	With 5 reads
	Start read: +21eb09c6-3eed-444a-b109-baaf7d83655d
	At position: 4
	leftTip: 1 rightTip: 1
	Suspicious: 3
	Short ext: 1
	Mean extensions: 38
	Avg overlap len: 3785
	Min overlap len: 1459
	Inner reads: 0
	Length: 10835
[2024-08-27 15:52:36] DEBUG: Inner: 431464 covered: 429882 total: 514898
[2024-08-27 15:52:38] DEBUG: Assembled disjointig 51
	With 24 reads
	Start read: +4f2b55b1-01f8-426c-adf2-af54a8105e7f
	At position: 5
	leftTip: 1 rightTip: 1
	Suspicious: 7
	Short ext: 2
	Mean extensions: 72
	Avg overlap len: 3945
	Min overlap len: 1642
	Inner reads: 0
	Length: 47773
[2024-08-27 15:52:38] DEBUG: Inner: 438718 covered: 437074 total: 514898
[2024-08-27 15:52:38] DEBUG: Discarded disjointig with 23 reads and 21 inner overlaps
[2024-08-27 15:52:39] DEBUG: Assembled disjointig 52
	With 11 reads
	Start read: +9cf91163-685d-453d-a3b0-828309b8108a
	At position: 7
	leftTip: 1 rightTip: 1
	Suspicious: 5
	Short ext: 2
	Mean extensions: 27
	Avg overlap len: 3190
	Min overlap len: 1699
	Inner reads: 0
	Length: 23323
[2024-08-27 15:52:39] DEBUG: Inner: 441180 covered: 439524 total: 514898
[2024-08-27 15:52:39] DEBUG: Discarded disjointig with 15 reads and 13 inner overlaps
[2024-08-27 15:52:39] DEBUG: Assembled disjointig 53
	With 13 reads
	Start read: +db6b7f97-945a-44d3-bc6c-0816283f1b16
	At position: 12
	leftTip: 1 rightTip: 1
	Suspicious: 2
	Short ext: 0
	Mean extensions: 88
	Avg overlap len: 4042
	Min overlap len: 2926
	Inner reads: 0
	Length: 27134
[2024-08-27 15:52:39] DEBUG: Inner: 446558 covered: 444862 total: 514898
[2024-08-27 15:52:40] DEBUG: Assembled disjointig 54
	With 37 reads
	Start read: +5d2364f1-192a-461b-a832-08862390a212
	At position: 20
	leftTip: 1 rightTip: 1
	Suspicious: 3
	Short ext: 1
	Mean extensions: 93
	Avg overlap len: 4153
	Min overlap len: 1663
	Inner reads: 0
	Length: 72740
[2024-08-27 15:52:40] DEBUG: Inner: 462224 covered: 460464 total: 514898
[2024-08-27 15:52:40] DEBUG: Discarded disjointig with 37 reads and 35 inner overlaps
[2024-08-27 15:52:40] DEBUG: Discarded disjointig with 36 reads and 34 inner overlaps
[2024-08-27 15:52:40] DEBUG: Discarded disjointig with 34 reads and 32 inner overlaps
[2024-08-27 15:52:40] DEBUG: Discarded disjointig with 37 reads and 35 inner overlaps
[2024-08-27 15:52:40] DEBUG: Discarded disjointig with 13 reads and 11 inner overlaps
[2024-08-27 15:52:40] DEBUG: Discarded disjointig with 6 reads and 4 inner overlaps
[2024-08-27 15:52:40] DEBUG: Discarded disjointig with 14 reads and 12 inner overlaps
[2024-08-27 15:52:41] DEBUG: Discarded disjointig with 30 reads and 28 inner overlaps
[2024-08-27 15:52:41] DEBUG: Discarded disjointig with 16 reads and 14 inner overlaps
[2024-08-27 15:52:41] DEBUG: Assembled disjointig 55
	With 10 reads
	Start read: +dd619214-a163-47dd-9533-640cdca267df
	At position: 2
	leftTip: 1 rightTip: 1
	Suspicious: 3
	Short ext: 1
	Mean extensions: 88
	Avg overlap len: 3921
	Min overlap len: 1126
	Inner reads: 0
	Length: 20353
[2024-08-27 15:52:41] DEBUG: Inner: 465884 covered: 464088 total: 514898
[2024-08-27 15:52:41] DEBUG: Discarded disjointig with 6 reads and 4 inner overlaps
[2024-08-27 15:52:42] DEBUG: Assembled disjointig 56
	With 3 reads
	Start read: +cab410d1-c604-48d2-b96b-6e01042ea124
	At position: 3
	leftTip: 1 rightTip: 1
	Suspicious: 1
	Short ext: 0
	Mean extensions: 16
	Avg overlap len: 3854
	Min overlap len: 2642
	Inner reads: 0
	Length: 6152
[2024-08-27 15:52:42] DEBUG: Inner: 466524 covered: 464712 total: 514898
[2024-08-27 15:52:42] DEBUG: Assembled disjointig 57
	With 2 reads
	Start read: +74035913-f0a8-428a-820e-155c4df24e45
	At position: 1
	leftTip: 1 rightTip: 1
	Suspicious: 1
	Short ext: 1
	Mean extensions: 4
	Avg overlap len: 1179
	Min overlap len: 1179
	Inner reads: 0
	Length: 4693
[2024-08-27 15:52:42] DEBUG: Inner: 467110 covered: 465202 total: 514898
[2024-08-27 15:52:44] DEBUG: Assembled disjointig 58
	With 30 reads
	Start read: +ff19ba34-4686-41b0-953f-09e4807a1873
	At position: 5
	leftTip: 1 rightTip: 1
	Suspicious: 5
	Short ext: 3
	Mean extensions: 90
	Avg overlap len: 3925
	Min overlap len: 1227
	Inner reads: 0
	Length: 61001
[2024-08-27 15:52:44] DEBUG: Inner: 478194 covered: 476214 total: 514898
[2024-08-27 15:52:44] DEBUG: Discarded disjointig with 27 reads and 25 inner overlaps
[2024-08-27 15:52:44] DEBUG: Discarded disjointig with 28 reads and 26 inner overlaps
[2024-08-27 15:52:44] DEBUG: Discarded disjointig with 15 reads and 13 inner overlaps
[2024-08-27 15:52:44] DEBUG: Discarded disjointig with 16 reads and 14 inner overlaps
[2024-08-27 15:52:44] DEBUG: Assembled disjointig 59
	With 8 reads
	Start read: +d4f3763c-1ed6-4ffd-8e34-343d637f495e
	At position: 3
	leftTip: 1 rightTip: 1
	Suspicious: 2
	Short ext: 0
	Mean extensions: 32
	Avg overlap len: 2677
	Min overlap len: 2011
	Inner reads: 0
	Length: 19264
[2024-08-27 15:52:44] DEBUG: Inner: 481010 covered: 479034 total: 514898
[2024-08-27 15:52:44] DEBUG: Discarded disjointig with 8 reads and 6 inner overlaps
[2024-08-27 15:52:44] DEBUG: Assembled disjointig 60
	With 35 reads
	Start read: +0f435681-56f9-40da-bde5-8d91f878df03
	At position: 4
	leftTip: 1 rightTip: 1
	Suspicious: 7
	Short ext: 4
	Mean extensions: 75
	Avg overlap len: 3713
	Min overlap len: 1115
	Inner reads: 0
	Length: 71858
[2024-08-27 15:52:44] DEBUG: Inner: 492428 covered: 490292 total: 514898
[2024-08-27 15:52:45] DEBUG: Discarded disjointig with 20 reads and 18 inner overlaps
[2024-08-27 15:52:45] DEBUG: Assembled disjointig 61
	With 1 reads
	Start read: +ddd7335e-b880-4b9f-8806-e13dc2f38880
	At position: 1
	leftTip: 1 rightTip: 1
	Suspicious: 0
	Short ext: 0
	Mean extensions: 0
	Avg overlap len: 0
	Min overlap len: 0
	Inner reads: 0
	Length: 3614
[2024-08-27 15:52:45] DEBUG: Inner: 492652 covered: 490488 total: 514898
[2024-08-27 15:52:45] DEBUG: Discarded disjointig with 9 reads and 7 inner overlaps
[2024-08-27 15:52:45] DEBUG: Discarded disjointig with 6 reads and 4 inner overlaps
[2024-08-27 15:52:45] DEBUG: Discarded disjointig with 22 reads and 20 inner overlaps
[2024-08-27 15:52:45] DEBUG: Discarded disjointig with 7 reads and 5 inner overlaps
[2024-08-27 15:52:45] DEBUG: Discarded disjointig with 5 reads and 3 inner overlaps
[2024-08-27 15:52:45] DEBUG: Discarded disjointig with 6 reads and 4 inner overlaps
[2024-08-27 15:52:45] DEBUG: Assembled disjointig 62
	With 1 reads
	Start read: +a44cd360-79cf-432d-b1f4-032a8d1a5df7
	At position: 1
	leftTip: 1 rightTip: 1
	Suspicious: 0
	Short ext: 0
	Mean extensions: 0
	Avg overlap len: 0
	Min overlap len: 0
	Inner reads: 0
	Length: 2862
[2024-08-27 15:52:45] DEBUG: Inner: 492812 covered: 490626 total: 514898
[2024-08-27 15:52:45] DEBUG: Discarded disjointig with 13 reads and 11 inner overlaps
[2024-08-27 15:52:45] DEBUG: Discarded disjointig with 7 reads and 5 inner overlaps
[2024-08-27 15:52:45] DEBUG: Discarded disjointig with 3 reads and 1 inner overlaps
[2024-08-27 15:52:45] DEBUG: Assembled disjointig 63
	With 1 reads
	Start read: +7f1ff6a7-8611-4273-922c-2f54d987daf2
	At position: 1
	leftTip: 1 rightTip: 1
	Suspicious: 0
	Short ext: 0
	Mean extensions: 1
	Avg overlap len: 0
	Min overlap len: 0
	Inner reads: 0
	Length: 3111
[2024-08-27 15:52:45] DEBUG: Inner: 493202 covered: 490940 total: 514898
[2024-08-27 15:52:46] DEBUG: Assembled disjointig 64
	With 10 reads
	Start read: +869b62e8-e239-45c7-b311-5c974f59d8f5
	At position: 8
	leftTip: 0 rightTip: 1
	Suspicious: 4
	Short ext: 1
	Mean extensions: 84
	Avg overlap len: 3259
	Min overlap len: 1232
	Inner reads: 0
	Length: 19224
[2024-08-27 15:52:46] DEBUG: Inner: 495482 covered: 493238 total: 514898
[2024-08-27 15:52:46] DEBUG: Assembled disjointig 65
	With 2 reads
	Start read: +8d99dbd1-2027-4269-bb32-09c127387552
	At position: 2
	leftTip: 1 rightTip: 1
	Suspicious: 1
	Short ext: 0
	Mean extensions: 2
	Avg overlap len: 3053
	Min overlap len: 3053
	Inner reads: 0
	Length: 4582
[2024-08-27 15:52:46] DEBUG: Inner: 495926 covered: 493650 total: 514898
[2024-08-27 15:52:46] DEBUG: Assembled disjointig 66
	With 3 reads
	Start read: +b9e47c2d-4182-4eae-9da2-ec3146364628
	At position: 1
	leftTip: 1 rightTip: 1
	Suspicious: 1
	Short ext: 1
	Mean extensions: 28
	Avg overlap len: 2279
	Min overlap len: 1848
	Inner reads: 0
	Length: 5988
[2024-08-27 15:52:46] DEBUG: Inner: 496358 covered: 494072 total: 514898
[2024-08-27 15:52:46] DEBUG: Assembled disjointig 67
	With 7 reads
	Start read: +2a11631a-f61a-4e51-8575-f80d89c318ee
	At position: 7
	leftTip: 1 rightTip: 1
	Suspicious: 1
	Short ext: 1
	Mean extensions: 85
	Avg overlap len: 3601
	Min overlap len: 1353
	Inner reads: 0
	Length: 14569
[2024-08-27 15:52:46] DEBUG: Inner: 498954 covered: 496608 total: 514898
[2024-08-27 15:52:47] DEBUG: Assembled disjointig 68
	With 5 reads
	Start read: +013325ee-0a31-42ba-8430-a6d817c37b32
	At position: 1
	leftTip: 1 rightTip: 1
	Suspicious: 2
	Short ext: 1
	Mean extensions: 53
	Avg overlap len: 3697
	Min overlap len: 1525
	Inner reads: 0
	Length: 9447
[2024-08-27 15:52:47] DEBUG: Inner: 500130 covered: 497764 total: 514898
[2024-08-27 15:52:47] DEBUG: Discarded disjointig with 7 reads and 5 inner overlaps
[2024-08-27 15:52:47] DEBUG: Assembled disjointig 69
	With 5 reads
	Start read: +d7ad2b57-5a34-4dbb-a360-78a2e0de7132
	At position: 1
	leftTip: 1 rightTip: 1
	Suspicious: 1
	Short ext: 1
	Mean extensions: 66
	Avg overlap len: 4298
	Min overlap len: 1973
	Inner reads: 0
	Length: 10638
[2024-08-27 15:52:47] DEBUG: Inner: 501626 covered: 499252 total: 514898
[2024-08-27 15:52:47] DEBUG: Assembled disjointig 70
	With 4 reads
	Start read: +c10beb8d-e20f-4210-b15c-c9aa6a66d490
	At position: 2
	leftTip: 1 rightTip: 1
	Suspicious: 2
	Short ext: 1
	Mean extensions: 3
	Avg overlap len: 2613
	Min overlap len: 1179
	Inner reads: 0
	Length: 8230
[2024-08-27 15:52:47] DEBUG: Inner: 502502 covered: 500074 total: 514898
[2024-08-27 15:52:48] DEBUG: Assembled disjointig 71
	With 4 reads
	Start read: +2e630c54-d377-4b37-a51b-0292627730a2
	At position: 2
	leftTip: 1 rightTip: 1
	Suspicious: 1
	Short ext: 0
	Mean extensions: 7
	Avg overlap len: 2508
	Min overlap len: 2051
	Inner reads: 0
	Length: 8329
[2024-08-27 15:52:48] DEBUG: Inner: 503296 covered: 500858 total: 514898
[2024-08-27 15:52:48] DEBUG: Assembled disjointig 72
	With 5 reads
	Start read: +57114a3d-6b93-4d71-9751-ae70f3438345
	At position: 5
	leftTip: 1 rightTip: 1
	Suspicious: 1
	Short ext: 0
	Mean extensions: 95
	Avg overlap len: 4250
	Min overlap len: 2733
	Inner reads: 0
	Length: 10034
[2024-08-27 15:52:48] DEBUG: Inner: 504852 covered: 502350 total: 514898
[2024-08-27 15:52:48] DEBUG: Assembled disjointig 73
	With 3 reads
	Start read: +b635bab2-18d1-472e-a51d-201b87a28637
	At position: 1
	leftTip: 1 rightTip: 0
	Suspicious: 2
	Short ext: 2
	Mean extensions: 1
	Avg overlap len: 1643
	Min overlap len: 1215
	Inner reads: 0
	Length: 8458
[2024-08-27 15:52:48] DEBUG: Inner: 505012 covered: 502494 total: 514898
[2024-08-27 15:52:48] DEBUG: Assembled disjointig 74
	With 9 reads
	Start read: +e6869328-b48a-47ff-8bbc-de43e942a2b3
	At position: 1
	leftTip: 1 rightTip: 1
	Suspicious: 4
	Short ext: 1
	Mean extensions: 48
	Avg overlap len: 3146
	Min overlap len: 1926
	Inner reads: 0
	Length: 18306
[2024-08-27 15:52:48] DEBUG: Inner: 507476 covered: 504922 total: 514898
[2024-08-27 15:52:48] DEBUG: Discarded disjointig with 9 reads and 7 inner overlaps
[2024-08-27 15:52:48] DEBUG: Assembled disjointig 75
	With 1 reads
	Start read: +3fac6abe-6294-427b-a203-bf43411c066e
	At position: 1
	leftTip: 1 rightTip: 1
	Suspicious: 0
	Short ext: 0
	Mean extensions: 0
	Avg overlap len: 0
	Min overlap len: 0
	Inner reads: 0
	Length: 2556
[2024-08-27 15:52:48] DEBUG: Inner: 507622 covered: 505002 total: 514898
[2024-08-27 15:52:48] DEBUG: Assembled disjointig 76
	With 3 reads
	Start read: +ca2a4644-f9c0-4ecf-84dc-ad3361e371c9
	At position: 3
	leftTip: 1 rightTip: 1
	Suspicious: 1
	Short ext: 0
	Mean extensions: 33
	Avg overlap len: 3253
	Min overlap len: 2213
	Inner reads: 0
	Length: 6007
[2024-08-27 15:52:48] DEBUG: Inner: 508138 covered: 505496 total: 514898
[2024-08-27 15:52:49] DEBUG: Discarded disjointig with 7 reads and 5 inner overlaps
[2024-08-27 15:52:49] DEBUG: Discarded disjointig with 3 reads and 1 inner overlaps
[2024-08-27 15:52:49] DEBUG: Assembled disjointig 77
	With 2 reads
	Start read: +bcae2e35-169d-4130-a044-60e56e47460f
	At position: 1
	leftTip: 1 rightTip: 1
	Suspicious: 1
	Short ext: 1
	Mean extensions: 1
	Avg overlap len: 1598
	Min overlap len: 1598
	Inner reads: 0
	Length: 4925
[2024-08-27 15:52:49] DEBUG: Inner: 508490 covered: 505830 total: 514898
[2024-08-27 15:52:49] DEBUG: Discarded disjointig with 3 reads and 1 inner overlaps
[2024-08-27 15:52:49] DEBUG: Assembled disjointig 78
	With 2 reads
	Start read: +04104a42-c00e-488d-845e-4f1c07f1ff0d
	At position: 2
	leftTip: 0 rightTip: 1
	Suspicious: 1
	Short ext: 0
	Mean extensions: 34
	Avg overlap len: 2763
	Min overlap len: 2763
	Inner reads: 0
	Length: 4398
[2024-08-27 15:52:49] DEBUG: Inner: 508490 covered: 505850 total: 514898
[2024-08-27 15:52:49] DEBUG: Assembled disjointig 79
	With 4 reads
	Start read: +3d4a9898-2f72-4d3b-8da0-6fc6383dc06b
	At position: 1
	leftTip: 1 rightTip: 1
	Suspicious: 1
	Short ext: 1
	Mean extensions: 19
	Avg overlap len: 2583
	Min overlap len: 1066
	Inner reads: 0
	Length: 8450
[2024-08-27 15:52:49] DEBUG: Inner: 509418 covered: 506732 total: 514898
[2024-08-27 15:52:49] DEBUG: Discarded disjointig with 4 reads and 2 inner overlaps
[2024-08-27 15:52:49] DEBUG: Discarded disjointig with 5 reads and 3 inner overlaps
[2024-08-27 15:52:49] DEBUG: Discarded disjointig with 3 reads and 1 inner overlaps
[2024-08-27 15:52:49] DEBUG: Assembled disjointig 80
	With 3 reads
	Start read: +cb4db1a4-e501-44a3-bb78-13d67651d37e
	At position: 3
	leftTip: 0 rightTip: 1
	Suspicious: 2
	Short ext: 1
	Mean extensions: 1
	Avg overlap len: 2477
	Min overlap len: 1160
	Inner reads: 0
	Length: 5677
[2024-08-27 15:52:49] DEBUG: Inner: 509572 covered: 506894 total: 514898
[2024-08-27 15:52:50] DEBUG: Discarded disjointig with 6 reads and 4 inner overlaps
[2024-08-27 15:52:50] DEBUG: Assembled disjointig 81
	With 3 reads
	Start read: +e9d2b350-dc34-4763-b45e-7d452461a54c
	At position: 3
	leftTip: 0 rightTip: 1
	Suspicious: 2
	Short ext: 1
	Mean extensions: 1
	Avg overlap len: 2642
	Min overlap len: 1207
	Inner reads: 0
	Length: 6847
[2024-08-27 15:52:50] DEBUG: Inner: 509934 covered: 507270 total: 514898
[2024-08-27 15:52:50] DEBUG: Assembled disjointig 82
	With 4 reads
	Start read: +d6314000-18d3-4102-9149-90fa5d98a57d
	At position: 4
	leftTip: 1 rightTip: 1
	Suspicious: 1
	Short ext: 0
	Mean extensions: 11
	Avg overlap len: 3456
	Min overlap len: 2438
	Inner reads: 0
	Length: 7751
[2024-08-27 15:52:50] DEBUG: Inner: 511106 covered: 508416 total: 514898
[2024-08-27 15:52:51] DEBUG: Discarded disjointig with 3 reads and 1 inner overlaps
[2024-08-27 15:52:51] DEBUG: Assembled disjointig 83
	With 3 reads
	Start read: +f907079c-b2a1-4e16-8a79-1e1fb1a83a56
	At position: 3
	leftTip: 1 rightTip: 1
	Suspicious: 1
	Short ext: 0
	Mean extensions: 76
	Avg overlap len: 3742
	Min overlap len: 3070
	Inner reads: 0
	Length: 6764
[2024-08-27 15:52:51] DEBUG: Inner: 512358 covered: 509616 total: 514898
[2024-08-27 15:52:51] DEBUG: Discarded disjointig with 3 reads and 1 inner overlaps
[2024-08-27 15:52:51] DEBUG: Assembled disjointig 84
	With 2 reads
	Start read: +e5ff436d-fee1-4450-94ba-21abfc764409
	At position: 2
	leftTip: 0 rightTip: 1
	Suspicious: 0
	Short ext: 0
	Mean extensions: 140
	Avg overlap len: 2358
	Min overlap len: 2358
	Inner reads: 0
	Length: 4383
[2024-08-27 15:52:51] DEBUG: Inner: 512358 covered: 509624 total: 514898
[2024-08-27 15:52:51] DEBUG: Discarded disjointig with 3 reads and 1 inner overlaps
[2024-08-27 15:52:51] DEBUG: Discarded disjointig with 3 reads and 1 inner overlaps
[2024-08-27 15:52:51] DEBUG: Discarded disjointig with 3 reads and 1 inner overlaps
[2024-08-27 15:52:52] DEBUG: Discarded disjointig with 3 reads and 1 inner overlaps
[2024-08-27 15:52:52] DEBUG: Discarded disjointig with 4 reads and 2 inner overlaps
[2024-08-27 15:52:52] DEBUG: Discarded disjointig with 3 reads and 1 inner overlaps
[2024-08-27 15:52:54] DEBUG: Discarded disjointig with 3 reads and 1 inner overlaps
[2024-08-27 15:52:54] DEBUG: Discarded disjointig with 3 reads and 1 inner overlaps
[2024-08-27 15:52:54] DEBUG: Assembled disjointig 85
	With 1 reads
	Start read: +62f0fc97-639d-4c77-bc77-101d9b5d89b0
	At position: 1
	leftTip: 1 rightTip: 1
	Suspicious: 0
	Short ext: 0
	Mean extensions: 0
	Avg overlap len: 0
	Min overlap len: 0
	Inner reads: 0
	Length: 2214
[2024-08-27 15:52:54] DEBUG: Inner: 512484 covered: 510046 total: 514898
[2024-08-27 15:52:54] DEBUG: Discarded disjointig with 3 reads and 1 inner overlaps
[2024-08-27 15:52:55] DEBUG: Discarded disjointig with 8 reads and 6 inner overlaps
[2024-08-27 15:52:56] DEBUG: Discarded disjointig with 4 reads and 2 inner overlaps
[2024-08-27 15:52:57] DEBUG: Discarded disjointig with 3 reads and 1 inner overlaps
[2024-08-27 15:52:57] INFO: Assembled 85 disjointigs
[2024-08-27 15:52:58] INFO: Generating sequence
[2024-08-27 15:52:58] DEBUG: Building positional index
[2024-08-27 15:52:58] DEBUG: Total sequence: 2863673 bp
[2024-08-27 15:52:58] DEBUG: Mean k-mer frequency: 1.02283
[2024-08-27 15:52:58] DEBUG: Repetitive k-mer frequency: 102
[2024-08-27 15:52:58] DEBUG: Filtered 0 repetitive k-mers (0)
[2024-08-27 15:52:58] DEBUG: Sorting k-mer index
[2024-08-27 15:52:58] DEBUG: Selected k-mers: 932968
[2024-08-27 15:52:58] DEBUG: K-mer index size: 954269
[2024-08-27 15:52:58] DEBUG: Mean k-mer frequency: 1.02283
[2024-08-27 15:52:58] DEBUG: Minimizer rate: 3.00091
[2024-08-27 15:52:58] INFO: Filtering contained disjointigs
[2024-08-27 15:52:58] DEBUG: Computing transitive closure for overlaps
[2024-08-27 15:52:58] DEBUG: Found 90 overlaps
[2024-08-27 15:52:58] DEBUG: Left 36 overlaps after filtering
[2024-08-27 15:52:58] INFO: Contained seqs: 3
[2024-08-27 15:52:58] DEBUG: Writing FASTA
[2024-08-27 15:52:58] DEBUG: Peak RAM usage: 3 Gb
-----------End assembly log------------
[2024-08-27 15:52:59] root: DEBUG: Disjointigs length: 2852336, N50: 68227
[2024-08-27 15:52:59] root: INFO: >>>STAGE: consensus
[2024-08-27 15:52:59] root: INFO: Running Minimap2
[2024-08-27 15:53:38] root: INFO: Computing consensus
[2024-08-27 15:54:32] root: INFO: Alignment error rate: 0.020470
[2024-08-27 15:54:32] root: INFO: >>>STAGE: repeat
[2024-08-27 15:54:32] root: INFO: Building and resolving repeat graph
[2024-08-27 15:54:32] root: DEBUG: -----Begin repeat analyser log------
[2024-08-27 15:54:32] root: DEBUG: Running: flye-modules repeat --disjointigs /scratch/scw2160/02_outputs/flye_asm/flye_asm_3Dt2j_part2subset/10-consensus/consensus.fasta --reads /scratch/b.rnc19dyy/01_data/nanopore_basecall_sup/dtinc_isolates_part2/pass/barcode05_3Dt2j_m1000q18.fastq --out-dir /scratch/scw2160/02_outputs/flye_asm/flye_asm_3Dt2j_part2subset/20-repeat --config /apps/genomics/Flye/2.9/el7/AVX512/gnu-7.3/lib/python2.7/site-packages/flye/config/bin_cfg/asm_nano_hq.cfg --log /scratch/scw2160/02_outputs/flye_asm/flye_asm_3Dt2j_part2subset/flye.log --threads 16 --min-ovlp 2000
[2024-08-27 15:54:32] DEBUG: Build date: Feb 16 2022 10:50:56
[2024-08-27 15:54:32] DEBUG: Total RAM: 187 Gb
[2024-08-27 15:54:32] DEBUG: Available RAM: 174 Gb
[2024-08-27 15:54:32] DEBUG: Total CPUs: 40
[2024-08-27 15:54:32] DEBUG: Loading /apps/genomics/Flye/2.9/el7/AVX512/gnu-7.3/lib/python2.7/site-packages/flye/config/bin_cfg/asm_nano_hq.cfg
[2024-08-27 15:54:32] DEBUG: Loading /apps/genomics/Flye/2.9/el7/AVX512/gnu-7.3/lib/python2.7/site-packages/flye/config/bin_cfg/asm_defaults.cfg
[2024-08-27 15:54:32] DEBUG: 	big_genome_threshold=29000000
[2024-08-27 15:54:32] DEBUG: 	meta_read_filter_kmer_freq=100
[2024-08-27 15:54:32] DEBUG: 	chain_large_gap_penalty=2
[2024-08-27 15:54:32] DEBUG: 	chain_small_gap_penalty=0.5
[2024-08-27 15:54:32] DEBUG: 	chain_gap_jump_threshold=100
[2024-08-27 15:54:32] DEBUG: 	max_coverage_drop_rate=5
[2024-08-27 15:54:32] DEBUG: 	max_extensions_drop_rate=5
[2024-08-27 15:54:32] DEBUG: 	chimera_window=100
[2024-08-27 15:54:32] DEBUG: 	chimera_overhang=1000
[2024-08-27 15:54:32] DEBUG: 	min_reads_in_disjointig=4
[2024-08-27 15:54:32] DEBUG: 	max_inner_reads=10
[2024-08-27 15:54:32] DEBUG: 	max_inner_fraction=0.25
[2024-08-27 15:54:32] DEBUG: 	max_separation=500
[2024-08-27 15:54:32] DEBUG: 	unique_edge_length=50000
[2024-08-27 15:54:32] DEBUG: 	min_repeat_res_support=0.51
[2024-08-27 15:54:32] DEBUG: 	out_paths_ratio=5
[2024-08-27 15:54:32] DEBUG: 	graph_cov_drop_rate=5
[2024-08-27 15:54:32] DEBUG: 	coverage_estimate_window=100
[2024-08-27 15:54:32] DEBUG: 	max_bubble_length=50000
[2024-08-27 15:54:32] DEBUG: 	loop_coverage_rate=1.5
[2024-08-27 15:54:32] DEBUG: 	repeat_edge_cov_mult=1.75
[2024-08-27 15:54:32] DEBUG: 	weak_detach_rate=5
[2024-08-27 15:54:32] DEBUG: 	tip_coverage_rate=2
[2024-08-27 15:54:32] DEBUG: 	tip_length_rate=2
[2024-08-27 15:54:32] DEBUG: 	output_gfa_before_rr=0
[2024-08-27 15:54:32] DEBUG: 	low_cutoff_warning=0
[2024-08-27 15:54:32] DEBUG: 	kmer_size=17
[2024-08-27 15:54:32] DEBUG: 	use_minimizers=1
[2024-08-27 15:54:32] DEBUG: 	minimizer_window=5
[2024-08-27 15:54:32] DEBUG: 	reads_base_alignment=1
[2024-08-27 15:54:32] DEBUG: 	meta_read_top_kmer_rate=0.75
[2024-08-27 15:54:32] DEBUG: 	maximum_jump=1500
[2024-08-27 15:54:32] DEBUG: 	maximum_overhang=1500
[2024-08-27 15:54:32] DEBUG: 	repeat_kmer_rate=100
[2024-08-27 15:54:32] DEBUG: 	assemble_ovlp_divergence=0.05
[2024-08-27 15:54:32] DEBUG: 	assemble_divergence_relative=1
[2024-08-27 15:54:32] DEBUG: 	repeat_graph_ovlp_divergence=0.05
[2024-08-27 15:54:32] DEBUG: 	read_align_ovlp_divergence=0.10
[2024-08-27 15:54:32] DEBUG: 	hpc_scoring_on=1
[2024-08-27 15:54:32] DEBUG: 	add_unassembled_reads=0
[2024-08-27 15:54:32] DEBUG: 	extend_contigs_with_repeats=0
[2024-08-27 15:54:32] DEBUG: 	min_read_cov_cutoff=3
[2024-08-27 15:54:32] DEBUG: 	short_tip_length=20000
[2024-08-27 15:54:32] DEBUG: 	long_tip_length=100000
[2024-08-27 15:54:32] DEBUG: Running with k-mer size: 17
[2024-08-27 15:54:32] DEBUG: Selected minimum overlap 2000
[2024-08-27 15:54:32] DEBUG: Metagenome mode: N
[2024-08-27 15:54:32] INFO: Parsing disjointigs
[2024-08-27 15:54:32] DEBUG: Building positional index
[2024-08-27 15:54:32] DEBUG: Total sequence: 2856883 bp
[2024-08-27 15:54:32] INFO: Building repeat graph
[2024-08-27 15:54:32] DEBUG: Mean k-mer frequency: 1.02271
[2024-08-27 15:54:32] DEBUG: Repetitive k-mer frequency: 102
[2024-08-27 15:54:32] DEBUG: Filtered 0 repetitive k-mers (0)
[2024-08-27 15:54:32] DEBUG: Sorting k-mer index
[2024-08-27 15:54:32] DEBUG: Selected k-mers: 930940
[2024-08-27 15:54:32] DEBUG: K-mer index size: 952080
[2024-08-27 15:54:32] DEBUG: Mean k-mer frequency: 1.02271
[2024-08-27 15:54:32] DEBUG: Minimizer rate: 3.00068
[2024-08-27 15:54:32] DEBUG: Computing transitive closure for overlaps
[2024-08-27 15:54:32] DEBUG: Found 72 overlaps
[2024-08-27 15:54:32] DEBUG: Left 32 overlaps after filtering
[2024-08-27 15:54:32] INFO: Median overlap divergence: 0
[2024-08-27 15:54:32] DEBUG: Sequence divergence distribution: 

    |*         |                                                                                         
    |*         |                                                                                         
    |*         |                                                                                         
    |*         |                                                                                         
    |*         |                                                                                         
    |*         |                                                                                         
    |*         |                                                                                         
    |*         |                                                                                         
    |*         |                                                                                         
    |*         |                                                                                         
    |*         |                                                                                         
    |*         |                                                                                         
    |*         |                                                                                         
    |*         |                                                                                         
    |*         |                                                                                         
    |*         |                                                                                         
    |**        |                                *                                                        
    |**        |                                *                                                        
    |**        |                                *           *                                            
    |**        |                                *           *                                            
    ----------------------------------------------------------------------------------------------------
    0%        5%        10%       15%       20%       25%       30%       35%       40%       45%       

    Q25 = 0, Q50 = 0, Q75 = 0.0056

[2024-08-27 15:54:32] DEBUG: Computing gluepoints
[2024-08-27 15:54:32] DEBUG: Added 0 gluepoint projections
[2024-08-27 15:54:32] DEBUG: Created 368 gluepoints
[2024-08-27 15:54:32] DEBUG: Artificial loops removed: 0 left, 0 right, 0 both
[2024-08-27 15:54:32] DEBUG: Initializing edges
[2024-08-27 15:54:32] DEBUG: Edges length checksum: 16535845928
[2024-08-27 15:54:32] DEBUG: Filtered 0 singleton segments
[2024-08-27 15:54:32] DEBUG: Removed 0 simple and 0 double chimeric junctions
[2024-08-27 15:54:32] DEBUG: Collapsed 8 edges
[2024-08-27 15:54:32] DEBUG: *	1	+disjointig_1	0	8453	8453	
[2024-08-27 15:54:32] DEBUG: *	2	+disjointig_10	0	92574	92574	
[2024-08-27 15:54:32] DEBUG: *	3	+disjointig_11	0	162689	162689	
[2024-08-27 15:54:32] DEBUG: *	4	+disjointig_12	0	63465	63465	
[2024-08-27 15:54:32] DEBUG: *	5	+disjointig_13	0	10232	10232	
[2024-08-27 15:54:32] DEBUG: *	6	+disjointig_14	0	10774	10774	
[2024-08-27 15:54:32] DEBUG: *	7	+disjointig_15	0	93711	93711	
[2024-08-27 15:54:32] DEBUG: *	8	+disjointig_16	0	10271	10271	
[2024-08-27 15:54:32] DEBUG: *	9	+disjointig_17	0	195248	195248	
[2024-08-27 15:54:32] DEBUG: *	10	+disjointig_18	0	20317	20317	
[2024-08-27 15:54:32] DEBUG: *	11	+disjointig_19	0	78125	78125	
[2024-08-27 15:54:32] DEBUG: *	12	+disjointig_2	0	25246	25246	
[2024-08-27 15:54:32] DEBUG: *	13	+disjointig_20	0	23318	23318	
[2024-08-27 15:54:32] DEBUG: *	14	+disjointig_21	0	74649	74649	
[2024-08-27 15:54:32] DEBUG: *	15	+disjointig_22	0	168973	168973	
[2024-08-27 15:54:32] DEBUG: *	93	+disjointig_23	0	40373	40373	
[2024-08-27 15:54:32] DEBUG: *	19	+disjointig_24	0	12808	12808	
[2024-08-27 15:54:32] DEBUG: *	20	+disjointig_25	0	37151	37151	
[2024-08-27 15:54:32] DEBUG: *	-94	+disjointig_26	0	60235	60235	
[2024-08-27 15:54:32] DEBUG: *	21	+disjointig_27	0	16232	16232	
[2024-08-27 15:54:32] DEBUG: *	22	+disjointig_28	0	15547	15547	
[2024-08-27 15:54:32] DEBUG: *	23	+disjointig_29	0	11140	11140	
[2024-08-27 15:54:32] DEBUG: *	24	+disjointig_3	0	6546	6546	
[2024-08-27 15:54:32] DEBUG: *	96	+disjointig_30	2487	36296	33809	
[2024-08-27 15:54:32] DEBUG: *	98	+disjointig_31	2365	16874	14509	
[2024-08-27 15:54:32] DEBUG: *	31	+disjointig_32	0	53604	53604	
[2024-08-27 15:54:32] DEBUG: *	32	+disjointig_33	0	110438	110438	
[2024-08-27 15:54:32] DEBUG: *	33	+disjointig_34	0	73071	73071	
[2024-08-27 15:54:32] DEBUG: *	34	+disjointig_35	0	31071	31071	
[2024-08-27 15:54:32] DEBUG: *	35	+disjointig_36	0	22968	22968	
[2024-08-27 15:54:32] DEBUG: *	36	+disjointig_37	0	95679	95679	
[2024-08-27 15:54:32] DEBUG: *	99	+disjointig_38	0	33101	33101	
[2024-08-27 15:54:32] DEBUG: *	102	+disjointig_39	2002	24762	22760	
[2024-08-27 15:54:32] DEBUG: *	43	+disjointig_4	0	55711	55711	
[2024-08-27 15:54:32] DEBUG: *	44	+disjointig_40	0	57639	57639	
[2024-08-27 15:54:32] DEBUG: *	45	+disjointig_41	0	31091	31091	
[2024-08-27 15:54:32] DEBUG: *	46	+disjointig_42	0	72793	72793	
[2024-08-27 15:54:32] DEBUG: *	47	+disjointig_43	0	18134	18134	
[2024-08-27 15:54:32] DEBUG: *	48	+disjointig_44	0	13723	13723	
[2024-08-27 15:54:32] DEBUG: *	101	+disjointig_45	0	36436	36436	
[2024-08-27 15:54:32] DEBUG: *	49	+disjointig_46	0	6334	6334	
[2024-08-27 15:54:32] DEBUG: *	50	+disjointig_47	0	52801	52801	
[2024-08-27 15:54:32] DEBUG:  	52	+disjointig_48	13899	15888	1989	
[2024-08-27 15:54:32] DEBUG: *	103	+disjointig_48	15888	33678	17790	
[2024-08-27 15:54:32] DEBUG:  	52	+disjointig_48	33678	35660	1982	
[2024-08-27 15:54:32] DEBUG: *	56	+disjointig_48	35660	68376	32716	
[2024-08-27 15:54:32] DEBUG: *	57	+disjointig_49	0	15633	15633	
[2024-08-27 15:54:32] DEBUG: *	58	+disjointig_5	0	58366	58366	
[2024-08-27 15:54:32] DEBUG: *	59	+disjointig_50	0	10860	10860	
[2024-08-27 15:54:32] DEBUG: *	60	+disjointig_51	0	47847	47847	
[2024-08-27 15:54:32] DEBUG: *	61	+disjointig_52	0	23372	23372	
[2024-08-27 15:54:32] DEBUG: *	62	+disjointig_53	0	27181	27181	
[2024-08-27 15:54:32] DEBUG: *	63	+disjointig_54	0	72953	72953	
[2024-08-27 15:54:32] DEBUG: *	64	+disjointig_55	0	20363	20363	
[2024-08-27 15:54:32] DEBUG: *	65	+disjointig_56	0	6178	6178	
[2024-08-27 15:54:32] DEBUG: *	66	+disjointig_57	0	4684	4684	
[2024-08-27 15:54:32] DEBUG: *	67	+disjointig_58	0	61089	61089	
[2024-08-27 15:54:32] DEBUG: *	104	+disjointig_59	0	19276	19276	
[2024-08-27 15:54:32] DEBUG: *	100	+disjointig_6	2816	21649	18833	
[2024-08-27 15:54:32] DEBUG: *	71	+disjointig_60	0	71969	71969	
[2024-08-27 15:54:32] DEBUG: *	72	+disjointig_61	0	3646	3646	
[2024-08-27 15:54:32] DEBUG: *	73	+disjointig_62	0	2884	2884	
[2024-08-27 15:54:32] DEBUG: *	74	+disjointig_63	0	3110	3110	
[2024-08-27 15:54:32] DEBUG:  	-52	+disjointig_64	2691	4679	1988	
[2024-08-27 15:54:32] DEBUG: *	53	+disjointig_64	4679	19238	14559	
[2024-08-27 15:54:32] DEBUG: *	75	+disjointig_65	0	4594	4594	
[2024-08-27 15:54:32] DEBUG: *	76	+disjointig_66	0	5995	5995	
[2024-08-27 15:54:32] DEBUG: *	77	+disjointig_67	0	14577	14577	
[2024-08-27 15:54:32] DEBUG: *	78	+disjointig_68	0	9485	9485	
[2024-08-27 15:54:32] DEBUG: *	79	+disjointig_69	0	10634	10634	
[2024-08-27 15:54:32] DEBUG: *	95	+disjointig_7	0	37019	37019	
[2024-08-27 15:54:32] DEBUG: *	80	+disjointig_70	0	8236	8236	
[2024-08-27 15:54:32] DEBUG: *	81	+disjointig_71	0	8340	8340	
[2024-08-27 15:54:32] DEBUG: *	82	+disjointig_72	0	10060	10060	
[2024-08-27 15:54:32] DEBUG: *	-105	+disjointig_73	0	3188	3188	
[2024-08-27 15:54:32] DEBUG: *	83	+disjointig_74	0	18318	18318	
[2024-08-27 15:54:32] DEBUG: *	84	+disjointig_76	0	6008	6008	
[2024-08-27 15:54:32] DEBUG: *	85	+disjointig_77	0	4944	4944	
[2024-08-27 15:54:32] DEBUG: *	86	+disjointig_79	0	8455	8455	
[2024-08-27 15:54:32] DEBUG: *	87	+disjointig_8	0	21065	21065	
[2024-08-27 15:54:32] DEBUG: *	-97	+disjointig_80	2	5719	5717	
[2024-08-27 15:54:32] DEBUG: *	88	+disjointig_81	0	6847	6847	
[2024-08-27 15:54:32] DEBUG: *	89	+disjointig_82	0	7758	7758	
[2024-08-27 15:54:32] DEBUG: *	90	+disjointig_83	0	6765	6765	
[2024-08-27 15:54:32] DEBUG: *	91	+disjointig_85	0	2209	2209	
[2024-08-27 15:54:32] DEBUG: *	92	+disjointig_9	0	9949	9949	
[2024-08-27 15:54:32] DEBUG: Total edges: 105
[2024-08-27 15:54:32] INFO: Parsing reads
[2024-08-27 15:54:36] DEBUG: Building positional index
[2024-08-27 15:54:36] DEBUG: Total sequence: 933326677 bp
[2024-08-27 15:54:36] DEBUG: Building positional index
[2024-08-27 15:54:36] DEBUG: Total sequence: 2823180 bp
[2024-08-27 15:54:36] INFO: Aligning reads to the graph
[2024-08-27 15:54:36] DEBUG: Mean k-mer frequency: 1.01078
[2024-08-27 15:54:36] DEBUG: Repetitive k-mer frequency: 101
[2024-08-27 15:54:36] DEBUG: Filtered 0 repetitive k-mers (0)
[2024-08-27 15:54:36] DEBUG: Sorting k-mer index
[2024-08-27 15:54:36] DEBUG: Selected k-mers: 930825
[2024-08-27 15:54:36] DEBUG: K-mer index size: 940864
[2024-08-27 15:54:36] DEBUG: Mean k-mer frequency: 1.01079
[2024-08-27 15:54:36] DEBUG: Minimizer rate: 3.00062
[2024-08-27 15:54:57] DEBUG: Total reads : 257449
[2024-08-27 15:54:57] DEBUG: Read with aligned parts : 255213
[2024-08-27 15:54:57] DEBUG: Aligned in one piece : 254664
[2024-08-27 15:54:57] INFO: Aligned read sequence: 851912647 / 862913166 (0.987252)
[2024-08-27 15:54:57] INFO: Median overlap divergence: 0.00877202
[2024-08-27 15:54:57] DEBUG: Sequence divergence distribution: 

    | *                  |                                                                               
    | *                  |                                                                               
    | *                  |                                                                               
    | *                  |                                                                               
    | *                  |                                                                               
    | *                  |                                                                               
    | *                  |                                                                               
    | **                 |                                                                               
    | **                 |                                                                               
    | **                 |                                                                               
    | **                 |                                                                               
    | **                 |                                                                               
    | **                 |                                                                               
    | **                 |                                                                               
    |***                 |                                                                               
    |***                 |                                                                               
    |***                 |                                                                               
    |****                |                                                                               
    |****                |                                                                               
    |************ ***  * |      *      *     ** *    **  * *         *                                   
    ----------------------------------------------------------------------------------------------------
    0%        5%        10%       15%       20%       25%       30%       35%       40%       45%       

    Q25 = 0.0064, Q50 = 0.0088, Q75 = 0.012

[2024-08-27 15:54:57] INFO: Mean edge coverage: 293
[2024-08-27 15:54:57] DEBUG: 1	len:8453	cov:187	mult:0.638225
[2024-08-27 15:54:57] DEBUG: -1	len:8453	cov:187	mult:0.638225
[2024-08-27 15:54:57] DEBUG: 2	len:92574	cov:306	mult:1.04437
[2024-08-27 15:54:57] DEBUG: -2	len:92574	cov:306	mult:1.04437
[2024-08-27 15:54:57] DEBUG: 3	len:162689	cov:319	mult:1.08874
[2024-08-27 15:54:57] DEBUG: -3	len:162689	cov:319	mult:1.08874
[2024-08-27 15:54:57] DEBUG: 4	len:63465	cov:395	mult:1.34812
[2024-08-27 15:54:57] DEBUG: -4	len:63465	cov:395	mult:1.34812
[2024-08-27 15:54:57] DEBUG: 5	len:10232	cov:206	mult:0.703072
[2024-08-27 15:54:57] DEBUG: -5	len:10232	cov:206	mult:0.703072
[2024-08-27 15:54:57] DEBUG: 6	len:10774	cov:317	mult:1.08191
[2024-08-27 15:54:57] DEBUG: -6	len:10774	cov:317	mult:1.08191
[2024-08-27 15:54:57] DEBUG: 7	len:93711	cov:346	mult:1.18089
[2024-08-27 15:54:57] DEBUG: -7	len:93711	cov:346	mult:1.18089
[2024-08-27 15:54:57] DEBUG: 8	len:10271	cov:247	mult:0.843003
[2024-08-27 15:54:57] DEBUG: -8	len:10271	cov:247	mult:0.843003
[2024-08-27 15:54:57] DEBUG: 9	len:195248	cov:348	mult:1.18771
[2024-08-27 15:54:57] DEBUG: -9	len:195248	cov:348	mult:1.18771
[2024-08-27 15:54:57] DEBUG: 10	len:20317	cov:310	mult:1.05802
[2024-08-27 15:54:57] DEBUG: -10	len:20317	cov:310	mult:1.05802
[2024-08-27 15:54:57] DEBUG: 11	len:78125	cov:341	mult:1.16382
[2024-08-27 15:54:57] DEBUG: -11	len:78125	cov:341	mult:1.16382
[2024-08-27 15:54:57] DEBUG: 12	len:25246	cov:408	mult:1.39249
[2024-08-27 15:54:57] DEBUG: -12	len:25246	cov:408	mult:1.39249
[2024-08-27 15:54:57] DEBUG: 13	len:23318	cov:249	mult:0.849829
[2024-08-27 15:54:57] DEBUG: -13	len:23318	cov:249	mult:0.849829
[2024-08-27 15:54:57] DEBUG: 14	len:74649	cov:322	mult:1.09898
[2024-08-27 15:54:57] DEBUG: -14	len:74649	cov:322	mult:1.09898
[2024-08-27 15:54:57] DEBUG: 15	len:168973	cov:346	mult:1.18089
[2024-08-27 15:54:57] DEBUG: -15	len:168973	cov:346	mult:1.18089
[2024-08-27 15:54:57] DEBUG: 19	len:12808	cov:338	mult:1.15358
[2024-08-27 15:54:57] DEBUG: -19	len:12808	cov:338	mult:1.15358
[2024-08-27 15:54:57] DEBUG: 20	len:37151	cov:262	mult:0.894198
[2024-08-27 15:54:57] DEBUG: -20	len:37151	cov:262	mult:0.894198
[2024-08-27 15:54:57] DEBUG: 21	len:16232	cov:221	mult:0.754266
[2024-08-27 15:54:57] DEBUG: -21	len:16232	cov:221	mult:0.754266
[2024-08-27 15:54:57] DEBUG: 22	len:15547	cov:267	mult:0.911263
[2024-08-27 15:54:57] DEBUG: -22	len:15547	cov:267	mult:0.911263
[2024-08-27 15:54:57] DEBUG: 23	len:11140	cov:267	mult:0.911263
[2024-08-27 15:54:57] DEBUG: -23	len:11140	cov:267	mult:0.911263
[2024-08-27 15:54:57] DEBUG: 24	len:6546	cov:227	mult:0.774744
[2024-08-27 15:54:57] DEBUG: -24	len:6546	cov:227	mult:0.774744
[2024-08-27 15:54:57] DEBUG: 31	len:53604	cov:337	mult:1.15017
[2024-08-27 15:54:57] DEBUG: -31	len:53604	cov:337	mult:1.15017
[2024-08-27 15:54:57] DEBUG: 32	len:110438	cov:352	mult:1.20137
[2024-08-27 15:54:57] DEBUG: -32	len:110438	cov:352	mult:1.20137
[2024-08-27 15:54:57] DEBUG: 33	len:73071	cov:271	mult:0.924915
[2024-08-27 15:54:57] DEBUG: -33	len:73071	cov:271	mult:0.924915
[2024-08-27 15:54:57] DEBUG: 34	len:31071	cov:286	mult:0.976109
[2024-08-27 15:54:57] DEBUG: -34	len:31071	cov:286	mult:0.976109
[2024-08-27 15:54:57] DEBUG: 35	len:22968	cov:364	mult:1.24232
[2024-08-27 15:54:57] DEBUG: -35	len:22968	cov:364	mult:1.24232
[2024-08-27 15:54:57] DEBUG: 36	len:95679	cov:383	mult:1.30717
[2024-08-27 15:54:57] DEBUG: -36	len:95679	cov:383	mult:1.30717
[2024-08-27 15:54:57] DEBUG: 43	len:55711	cov:323	mult:1.10239
[2024-08-27 15:54:57] DEBUG: -43	len:55711	cov:323	mult:1.10239
[2024-08-27 15:54:57] DEBUG: 44	len:57639	cov:312	mult:1.06485
[2024-08-27 15:54:57] DEBUG: -44	len:57639	cov:312	mult:1.06485
[2024-08-27 15:54:57] DEBUG: 45	len:31091	cov:395	mult:1.34812
[2024-08-27 15:54:57] DEBUG: -45	len:31091	cov:395	mult:1.34812
[2024-08-27 15:54:57] DEBUG: 46	len:72793	cov:340	mult:1.16041
[2024-08-27 15:54:57] DEBUG: -46	len:72793	cov:340	mult:1.16041
[2024-08-27 15:54:57] DEBUG: 47	len:18134	cov:186	mult:0.634812
[2024-08-27 15:54:57] DEBUG: -47	len:18134	cov:186	mult:0.634812
[2024-08-27 15:54:57] DEBUG: 48	len:13723	cov:164	mult:0.559727
[2024-08-27 15:54:57] DEBUG: -48	len:13723	cov:164	mult:0.559727
[2024-08-27 15:54:57] DEBUG: 49	len:6334	cov:240	mult:0.819113
[2024-08-27 15:54:57] DEBUG: -49	len:6334	cov:240	mult:0.819113
[2024-08-27 15:54:57] DEBUG: 50	len:52801	cov:348	mult:1.18771
[2024-08-27 15:54:57] DEBUG: -50	len:52801	cov:348	mult:1.18771
[2024-08-27 15:54:57] DEBUG: 52	len:1986	cov:822	mult:2.80546
[2024-08-27 15:54:57] DEBUG: -52	len:1986	cov:822	mult:2.80546
[2024-08-27 15:54:57] DEBUG: 53	len:14559	cov:291	mult:0.993174
[2024-08-27 15:54:57] DEBUG: -53	len:14559	cov:291	mult:0.993174
[2024-08-27 15:54:57] DEBUG: 56	len:32716	cov:388	mult:1.32423
[2024-08-27 15:54:57] DEBUG: -56	len:32716	cov:388	mult:1.32423
[2024-08-27 15:54:57] DEBUG: 57	len:15633	cov:424	mult:1.4471
[2024-08-27 15:54:57] DEBUG: -57	len:15633	cov:424	mult:1.4471
[2024-08-27 15:54:57] DEBUG: 58	len:58366	cov:288	mult:0.982935
[2024-08-27 15:54:57] DEBUG: -58	len:58366	cov:288	mult:0.982935
[2024-08-27 15:54:57] DEBUG: 59	len:10860	cov:245	mult:0.836177
[2024-08-27 15:54:57] DEBUG: -59	len:10860	cov:245	mult:0.836177
[2024-08-27 15:54:57] DEBUG: 60	len:47847	cov:272	mult:0.928328
[2024-08-27 15:54:57] DEBUG: -60	len:47847	cov:272	mult:0.928328
[2024-08-27 15:54:57] DEBUG: 61	len:23372	cov:141	mult:0.481229
[2024-08-27 15:54:57] DEBUG: -61	len:23372	cov:141	mult:0.481229
[2024-08-27 15:54:57] DEBUG: 62	len:27181	cov:325	mult:1.10922
[2024-08-27 15:54:57] DEBUG: -62	len:27181	cov:325	mult:1.10922
[2024-08-27 15:54:57] DEBUG: 63	len:72953	cov:342	mult:1.16724
[2024-08-27 15:54:57] DEBUG: -63	len:72953	cov:342	mult:1.16724
[2024-08-27 15:54:57] DEBUG: 64	len:20363	cov:328	mult:1.11945
[2024-08-27 15:54:57] DEBUG: -64	len:20363	cov:328	mult:1.11945
[2024-08-27 15:54:57] DEBUG: 65	len:6178	cov:156	mult:0.532423
[2024-08-27 15:54:57] DEBUG: -65	len:6178	cov:156	mult:0.532423
[2024-08-27 15:54:57] DEBUG: 66	len:4684	cov:177	mult:0.604096
[2024-08-27 15:54:57] DEBUG: -66	len:4684	cov:177	mult:0.604096
[2024-08-27 15:54:57] DEBUG: 67	len:61089	cov:328	mult:1.11945
[2024-08-27 15:54:57] DEBUG: -67	len:61089	cov:328	mult:1.11945
[2024-08-27 15:54:57] DEBUG: 71	len:71969	cov:282	mult:0.962457
[2024-08-27 15:54:57] DEBUG: -71	len:71969	cov:282	mult:0.962457
[2024-08-27 15:54:57] DEBUG: 72	len:3646	cov:79	mult:0.269625
[2024-08-27 15:54:57] DEBUG: -72	len:3646	cov:79	mult:0.269625
[2024-08-27 15:54:57] DEBUG: 73	len:2884	cov:55	mult:0.187713
[2024-08-27 15:54:57] DEBUG: -73	len:2884	cov:55	mult:0.187713
[2024-08-27 15:54:57] DEBUG: 74	len:3110	cov:132	mult:0.450512
[2024-08-27 15:54:57] DEBUG: -74	len:3110	cov:132	mult:0.450512
[2024-08-27 15:54:57] DEBUG: 75	len:4594	cov:144	mult:0.491468
[2024-08-27 15:54:57] DEBUG: -75	len:4594	cov:144	mult:0.491468
[2024-08-27 15:54:57] DEBUG: 76	len:5995	cov:102	mult:0.348123
[2024-08-27 15:54:57] DEBUG: -76	len:5995	cov:102	mult:0.348123
[2024-08-27 15:54:57] DEBUG: 77	len:14577	cov:316	mult:1.0785
[2024-08-27 15:54:57] DEBUG: -77	len:14577	cov:316	mult:1.0785
[2024-08-27 15:54:57] DEBUG: 78	len:9485	cov:215	mult:0.733788
[2024-08-27 15:54:57] DEBUG: -78	len:9485	cov:215	mult:0.733788
[2024-08-27 15:54:57] DEBUG: 79	len:10634	cov:259	mult:0.883959
[2024-08-27 15:54:57] DEBUG: -79	len:10634	cov:259	mult:0.883959
[2024-08-27 15:54:57] DEBUG: 80	len:8236	cov:168	mult:0.573379
[2024-08-27 15:54:57] DEBUG: -80	len:8236	cov:168	mult:0.573379
[2024-08-27 15:54:57] DEBUG: 81	len:8340	cov:146	mult:0.498294
[2024-08-27 15:54:57] DEBUG: -81	len:8340	cov:146	mult:0.498294
[2024-08-27 15:54:57] DEBUG: 82	len:10060	cov:281	mult:0.959044
[2024-08-27 15:54:57] DEBUG: -82	len:10060	cov:281	mult:0.959044
[2024-08-27 15:54:57] DEBUG: 83	len:18318	cov:224	mult:0.764505
[2024-08-27 15:54:57] DEBUG: -83	len:18318	cov:224	mult:0.764505
[2024-08-27 15:54:57] DEBUG: 84	len:6008	cov:135	mult:0.460751
[2024-08-27 15:54:57] DEBUG: -84	len:6008	cov:135	mult:0.460751
[2024-08-27 15:54:57] DEBUG: 85	len:4944	cov:100	mult:0.341297
[2024-08-27 15:54:57] DEBUG: -85	len:4944	cov:100	mult:0.341297
[2024-08-27 15:54:57] DEBUG: 86	len:8455	cov:172	mult:0.587031
[2024-08-27 15:54:57] DEBUG: -86	len:8455	cov:172	mult:0.587031
[2024-08-27 15:54:57] DEBUG: 87	len:21065	cov:239	mult:0.8157
[2024-08-27 15:54:57] DEBUG: -87	len:21065	cov:239	mult:0.8157
[2024-08-27 15:54:57] DEBUG: 88	len:6847	cov:79	mult:0.269625
[2024-08-27 15:54:57] DEBUG: -88	len:6847	cov:79	mult:0.269625
[2024-08-27 15:54:57] DEBUG: 89	len:7758	cov:255	mult:0.870307
[2024-08-27 15:54:57] DEBUG: -89	len:7758	cov:255	mult:0.870307
[2024-08-27 15:54:57] DEBUG: 90	len:6765	cov:292	mult:0.996587
[2024-08-27 15:54:57] DEBUG: -90	len:6765	cov:292	mult:0.996587
[2024-08-27 15:54:57] DEBUG: 91	len:2209	cov:40	mult:0.136519
[2024-08-27 15:54:57] DEBUG: -91	len:2209	cov:40	mult:0.136519
[2024-08-27 15:54:57] DEBUG: 92	len:9949	cov:242	mult:0.825939
[2024-08-27 15:54:57] DEBUG: -92	len:9949	cov:242	mult:0.825939
[2024-08-27 15:54:57] DEBUG: 93	len:40373	cov:333	mult:1.13652
[2024-08-27 15:54:57] DEBUG: -93	len:40373	cov:333	mult:1.13652
[2024-08-27 15:54:57] DEBUG: 94	len:60235	cov:304	mult:1.03754
[2024-08-27 15:54:57] DEBUG: -94	len:60235	cov:304	mult:1.03754
[2024-08-27 15:54:57] DEBUG: 95	len:37019	cov:276	mult:0.94198
[2024-08-27 15:54:57] DEBUG: -95	len:37019	cov:276	mult:0.94198
[2024-08-27 15:54:57] DEBUG: 96	len:33809	cov:336	mult:1.14676
[2024-08-27 15:54:57] DEBUG: -96	len:33809	cov:336	mult:1.14676
[2024-08-27 15:54:57] DEBUG: 97	len:5717	cov:61	mult:0.208191
[2024-08-27 15:54:57] DEBUG: -97	len:5717	cov:61	mult:0.208191
[2024-08-27 15:54:57] DEBUG: 98	len:14509	cov:356	mult:1.21502
[2024-08-27 15:54:57] DEBUG: -98	len:14509	cov:356	mult:1.21502
[2024-08-27 15:54:57] DEBUG: 99	len:33101	cov:309	mult:1.05461
[2024-08-27 15:54:57] DEBUG: -99	len:33101	cov:309	mult:1.05461
[2024-08-27 15:54:57] DEBUG: 100	len:18833	cov:345	mult:1.17747
[2024-08-27 15:54:57] DEBUG: -100	len:18833	cov:345	mult:1.17747
[2024-08-27 15:54:57] DEBUG: 101	len:36436	cov:301	mult:1.0273
[2024-08-27 15:54:57] DEBUG: -101	len:36436	cov:301	mult:1.0273
[2024-08-27 15:54:57] DEBUG: 102	len:22760	cov:249	mult:0.849829
[2024-08-27 15:54:57] DEBUG: -102	len:22760	cov:249	mult:0.849829
[2024-08-27 15:54:57] DEBUG: 103	len:17790	cov:436	mult:1.48805
[2024-08-27 15:54:57] DEBUG: -103	len:17790	cov:436	mult:1.48805
[2024-08-27 15:54:57] DEBUG: 104	len:19276	cov:282	mult:0.962457
[2024-08-27 15:54:57] DEBUG: -104	len:19276	cov:282	mult:0.962457
[2024-08-27 15:54:57] DEBUG: 105	len:3188	cov:60	mult:0.204778
[2024-08-27 15:54:57] DEBUG: -105	len:3188	cov:60	mult:0.204778
[2024-08-27 15:54:57] DEBUG: Unique coverage threshold 595
[2024-08-27 15:54:57] INFO: Simplifying the graph
[2024-08-27 15:54:57] DEBUG: Read coverage cutoff: 59
[2024-08-27 15:54:57] DEBUG: [SIMPL] Removed 2 paths with low coverage
[2024-08-27 15:54:57] DEBUG: [SIMPL] Masked 0 heterozygous loops
[2024-08-27 15:54:57] DEBUG: [SIMPL] Masked 0 simple bubbles
[2024-08-27 15:54:57] DEBUG: Finding repeats
[2024-08-27 15:54:57] DEBUG: Read coverage cutoff: 59
[2024-08-27 15:54:57] DEBUG: High-cov: 52	1986	822
[2024-08-27 15:54:57] DEBUG: Repeat detection iteration 1
[2024-08-27 15:54:57] DEBUG: Writing Dot
[2024-08-27 15:54:57] DEBUG: Writing FASTA
[2024-08-27 15:54:57] DEBUG: [SIMPL] == Iteration 1 ==
[2024-08-27 15:54:57] DEBUG: Splitting nodes
[2024-08-27 15:54:57] DEBUG: [SIMPL] Split 0 nodes
[2024-08-27 15:54:57] DEBUG: [SIMPL] Clipped 1 short and 1 long tips
[2024-08-27 15:54:57] DEBUG: [SIMPL] Masked 0 heterozygous loops
[2024-08-27 15:54:57] DEBUG: [SIMPL] Masked 0 simple bubbles
[2024-08-27 15:54:57] DEBUG: Finding repeats
[2024-08-27 15:54:57] DEBUG: Read coverage cutoff: 59
[2024-08-27 15:54:57] DEBUG: Repeat detection iteration 1
[2024-08-27 15:54:57] DEBUG: Total unique edges: 82
[2024-08-27 15:54:57] DEBUG: [SIMPL] Resolved repeats: 0
[2024-08-27 15:54:57] DEBUG: RR links: 0
[2024-08-27 15:54:57] DEBUG: Unresolved: 0
[2024-08-27 15:54:57] DEBUG: Removed 0 simple and 0 double chimeric junctions
[2024-08-27 15:54:58] DEBUG: [SIMPL] == Iteration 2 ==
[2024-08-27 15:54:58] DEBUG: Splitting nodes
[2024-08-27 15:54:58] DEBUG: [SIMPL] Split 0 nodes
[2024-08-27 15:54:58] DEBUG: [SIMPL] Clipped 0 short and 0 long tips
[2024-08-27 15:54:58] DEBUG: [SIMPL] Masked 0 heterozygous loops
[2024-08-27 15:54:58] DEBUG: [SIMPL] Masked 0 simple bubbles
[2024-08-27 15:54:58] DEBUG: Finding repeats
[2024-08-27 15:54:58] DEBUG: Read coverage cutoff: 59
[2024-08-27 15:54:58] DEBUG: Repeat detection iteration 1
[2024-08-27 15:54:58] DEBUG: Total unique edges: 82
[2024-08-27 15:54:58] DEBUG: [SIMPL] Resolved repeats: 0
[2024-08-27 15:54:58] DEBUG: RR links: 0
[2024-08-27 15:54:58] DEBUG: Unresolved: 0
[2024-08-27 15:54:58] DEBUG: Removed 0 simple and 0 double chimeric junctions
[2024-08-27 15:54:58] DEBUG: [SIMPL] Collapsed 0 haplotypes
[2024-08-27 15:54:58] DEBUG: [SIMPL] Resolved 0 simple repeats
[2024-08-27 15:54:58] DEBUG: Read coverage cutoff: 59
[2024-08-27 15:54:58] DEBUG: [SIMPL] Removed 0 paths with low coverage
[2024-08-27 15:54:58] DEBUG: Finding repeats
[2024-08-27 15:54:58] DEBUG: Read coverage cutoff: 59
[2024-08-27 15:54:58] DEBUG: Repeat detection iteration 1
[2024-08-27 15:54:58] DEBUG: Writing Dot
[2024-08-27 15:54:58] DEBUG: Writing FASTA
[2024-08-27 15:54:58] DEBUG: Peak RAM usage: 0 Gb
-----------End assembly log------------
[2024-08-27 15:54:59] root: INFO: >>>STAGE: contigger
[2024-08-27 15:54:59] root: INFO: Generating contigs
[2024-08-27 15:54:59] root: DEBUG: -----Begin contigger analyser log------
[2024-08-27 15:54:59] root: DEBUG: Running: flye-modules contigger --graph-edges /scratch/scw2160/02_outputs/flye_asm/flye_asm_3Dt2j_part2subset/20-repeat/repeat_graph_edges.fasta --reads /scratch/b.rnc19dyy/01_data/nanopore_basecall_sup/dtinc_isolates_part2/pass/barcode05_3Dt2j_m1000q18.fastq --out-dir /scratch/scw2160/02_outputs/flye_asm/flye_asm_3Dt2j_part2subset/30-contigger --config /apps/genomics/Flye/2.9/el7/AVX512/gnu-7.3/lib/python2.7/site-packages/flye/config/bin_cfg/asm_nano_hq.cfg --repeat-graph /scratch/scw2160/02_outputs/flye_asm/flye_asm_3Dt2j_part2subset/20-repeat/repeat_graph_dump --graph-aln /scratch/scw2160/02_outputs/flye_asm/flye_asm_3Dt2j_part2subset/20-repeat/read_alignment_dump --log /scratch/scw2160/02_outputs/flye_asm/flye_asm_3Dt2j_part2subset/flye.log --threads 16 --min-ovlp 2000
[2024-08-27 15:54:59] DEBUG: Build date: Feb 16 2022 10:51:00
[2024-08-27 15:54:59] DEBUG: Total RAM: 187 Gb
[2024-08-27 15:54:59] DEBUG: Available RAM: 174 Gb
[2024-08-27 15:54:59] DEBUG: Total CPUs: 40
[2024-08-27 15:54:59] DEBUG: Loading /apps/genomics/Flye/2.9/el7/AVX512/gnu-7.3/lib/python2.7/site-packages/flye/config/bin_cfg/asm_nano_hq.cfg
[2024-08-27 15:54:59] DEBUG: Loading /apps/genomics/Flye/2.9/el7/AVX512/gnu-7.3/lib/python2.7/site-packages/flye/config/bin_cfg/asm_defaults.cfg
[2024-08-27 15:54:59] DEBUG: 	big_genome_threshold=29000000
[2024-08-27 15:54:59] DEBUG: 	meta_read_filter_kmer_freq=100
[2024-08-27 15:54:59] DEBUG: 	chain_large_gap_penalty=2
[2024-08-27 15:54:59] DEBUG: 	chain_small_gap_penalty=0.5
[2024-08-27 15:54:59] DEBUG: 	chain_gap_jump_threshold=100
[2024-08-27 15:54:59] DEBUG: 	max_coverage_drop_rate=5
[2024-08-27 15:54:59] DEBUG: 	max_extensions_drop_rate=5
[2024-08-27 15:54:59] DEBUG: 	chimera_window=100
[2024-08-27 15:54:59] DEBUG: 	chimera_overhang=1000
[2024-08-27 15:54:59] DEBUG: 	min_reads_in_disjointig=4
[2024-08-27 15:54:59] DEBUG: 	max_inner_reads=10
[2024-08-27 15:54:59] DEBUG: 	max_inner_fraction=0.25
[2024-08-27 15:54:59] DEBUG: 	max_separation=500
[2024-08-27 15:54:59] DEBUG: 	unique_edge_length=50000
[2024-08-27 15:54:59] DEBUG: 	min_repeat_res_support=0.51
[2024-08-27 15:54:59] DEBUG: 	out_paths_ratio=5
[2024-08-27 15:54:59] DEBUG: 	graph_cov_drop_rate=5
[2024-08-27 15:54:59] DEBUG: 	coverage_estimate_window=100
[2024-08-27 15:54:59] DEBUG: 	max_bubble_length=50000
[2024-08-27 15:54:59] DEBUG: 	loop_coverage_rate=1.5
[2024-08-27 15:54:59] DEBUG: 	repeat_edge_cov_mult=1.75
[2024-08-27 15:54:59] DEBUG: 	weak_detach_rate=5
[2024-08-27 15:54:59] DEBUG: 	tip_coverage_rate=2
[2024-08-27 15:54:59] DEBUG: 	tip_length_rate=2
[2024-08-27 15:54:59] DEBUG: 	output_gfa_before_rr=0
[2024-08-27 15:54:59] DEBUG: 	low_cutoff_warning=0
[2024-08-27 15:54:59] DEBUG: 	kmer_size=17
[2024-08-27 15:54:59] DEBUG: 	use_minimizers=1
[2024-08-27 15:54:59] DEBUG: 	minimizer_window=5
[2024-08-27 15:54:59] DEBUG: 	reads_base_alignment=1
[2024-08-27 15:54:59] DEBUG: 	meta_read_top_kmer_rate=0.75
[2024-08-27 15:54:59] DEBUG: 	maximum_jump=1500
[2024-08-27 15:54:59] DEBUG: 	maximum_overhang=1500
[2024-08-27 15:54:59] DEBUG: 	repeat_kmer_rate=100
[2024-08-27 15:54:59] DEBUG: 	assemble_ovlp_divergence=0.05
[2024-08-27 15:54:59] DEBUG: 	assemble_divergence_relative=1
[2024-08-27 15:54:59] DEBUG: 	repeat_graph_ovlp_divergence=0.05
[2024-08-27 15:54:59] DEBUG: 	read_align_ovlp_divergence=0.10
[2024-08-27 15:54:59] DEBUG: 	hpc_scoring_on=1
[2024-08-27 15:54:59] DEBUG: 	add_unassembled_reads=0
[2024-08-27 15:54:59] DEBUG: 	extend_contigs_with_repeats=0
[2024-08-27 15:54:59] DEBUG: 	min_read_cov_cutoff=3
[2024-08-27 15:54:59] DEBUG: 	short_tip_length=20000
[2024-08-27 15:54:59] DEBUG: 	long_tip_length=100000
[2024-08-27 15:54:59] DEBUG: Running with k-mer size: 17
[2024-08-27 15:54:59] DEBUG: Selected minimum overlap 2000
[2024-08-27 15:54:59] INFO: Reading sequences
[2024-08-27 15:55:03] DEBUG: Building positional index
[2024-08-27 15:55:03] DEBUG: Total sequence: 933326677 bp
[2024-08-27 15:55:04] DEBUG: Flipped 0
[2024-08-27 15:55:04] DEBUG: UPath 1: 1
[2024-08-27 15:55:04] DEBUG: UPath 2: 2
[2024-08-27 15:55:04] DEBUG: UPath 3: 3
[2024-08-27 15:55:04] DEBUG: UPath 4: 4
[2024-08-27 15:55:04] DEBUG: UPath 5: 5
[2024-08-27 15:55:04] DEBUG: UPath 6: 6
[2024-08-27 15:55:04] DEBUG: UPath 7: 7
[2024-08-27 15:55:04] DEBUG: UPath 8: 8
[2024-08-27 15:55:04] DEBUG: UPath 9: 9
[2024-08-27 15:55:04] DEBUG: UPath 10: 10
[2024-08-27 15:55:04] DEBUG: UPath 11: 11
[2024-08-27 15:55:04] DEBUG: UPath 12: 12
[2024-08-27 15:55:04] DEBUG: UPath 13: 13
[2024-08-27 15:55:04] DEBUG: UPath 14: 14
[2024-08-27 15:55:04] DEBUG: UPath 15: 15
[2024-08-27 15:55:04] DEBUG: UPath 16: 19
[2024-08-27 15:55:04] DEBUG: UPath 17: 20
[2024-08-27 15:55:04] DEBUG: UPath 18: 21
[2024-08-27 15:55:04] DEBUG: UPath 19: 22
[2024-08-27 15:55:04] DEBUG: UPath 20: 23
[2024-08-27 15:55:04] DEBUG: UPath 21: 24
[2024-08-27 15:55:04] DEBUG: UPath 22: 31
[2024-08-27 15:55:04] DEBUG: UPath 23: 32
[2024-08-27 15:55:04] DEBUG: UPath 24: 33
[2024-08-27 15:55:04] DEBUG: UPath 25: 34
[2024-08-27 15:55:04] DEBUG: UPath 26: 35
[2024-08-27 15:55:04] DEBUG: UPath 27: 36
[2024-08-27 15:55:04] DEBUG: UPath 28: 43
[2024-08-27 15:55:04] DEBUG: UPath 29: 44
[2024-08-27 15:55:04] DEBUG: UPath 30: 45
[2024-08-27 15:55:04] DEBUG: UPath 31: 46
[2024-08-27 15:55:04] DEBUG: UPath 32: 47
[2024-08-27 15:55:04] DEBUG: UPath 33: 48
[2024-08-27 15:55:04] DEBUG: UPath 34: 49
[2024-08-27 15:55:04] DEBUG: UPath 35: 50
[2024-08-27 15:55:04] DEBUG: UPath 36: 103 -> 52
[2024-08-27 15:55:04] DEBUG: UPath 37: 53
[2024-08-27 15:55:04] DEBUG: UPath 38: 56
[2024-08-27 15:55:04] DEBUG: UPath 39: 57
[2024-08-27 15:55:04] DEBUG: UPath 40: 58
[2024-08-27 15:55:04] DEBUG: UPath 41: 59
[2024-08-27 15:55:04] DEBUG: UPath 42: 60
[2024-08-27 15:55:04] DEBUG: UPath 43: 61
[2024-08-27 15:55:04] DEBUG: UPath 44: 62
[2024-08-27 15:55:04] DEBUG: UPath 45: 63
[2024-08-27 15:55:04] DEBUG: UPath 46: 64
[2024-08-27 15:55:04] DEBUG: UPath 47: 65
[2024-08-27 15:55:04] DEBUG: UPath 48: 66
[2024-08-27 15:55:04] DEBUG: UPath 49: 67
[2024-08-27 15:55:04] DEBUG: UPath 50: 71
[2024-08-27 15:55:04] DEBUG: UPath 51: 72
[2024-08-27 15:55:04] DEBUG: UPath 52: 74
[2024-08-27 15:55:04] DEBUG: UPath 53: 75
[2024-08-27 15:55:04] DEBUG: UPath 54: 76
[2024-08-27 15:55:04] DEBUG: UPath 55: 77
[2024-08-27 15:55:04] DEBUG: UPath 56: 78
[2024-08-27 15:55:04] DEBUG: UPath 57: 79
[2024-08-27 15:55:04] DEBUG: UPath 58: 80
[2024-08-27 15:55:04] DEBUG: UPath 59: 81
[2024-08-27 15:55:04] DEBUG: UPath 60: 82
[2024-08-27 15:55:04] DEBUG: UPath 61: 83
[2024-08-27 15:55:04] DEBUG: UPath 62: 84
[2024-08-27 15:55:04] DEBUG: UPath 63: 85
[2024-08-27 15:55:04] DEBUG: UPath 64: 86
[2024-08-27 15:55:04] DEBUG: UPath 65: 87
[2024-08-27 15:55:04] DEBUG: UPath 66: 88
[2024-08-27 15:55:04] DEBUG: UPath 67: 89
[2024-08-27 15:55:04] DEBUG: UPath 68: 90
[2024-08-27 15:55:04] DEBUG: UPath 69: 92
[2024-08-27 15:55:04] DEBUG: UPath 70: 93 -> 94
[2024-08-27 15:55:04] DEBUG: UPath 71: 95 -> 96
[2024-08-27 15:55:04] DEBUG: UPath 72: 97 -> 98
[2024-08-27 15:55:04] DEBUG: UPath 73: 99 -> 100
[2024-08-27 15:55:04] DEBUG: UPath 74: 101 -> 102
[2024-08-27 15:55:04] DEBUG: UPath 75: 104 -> 105
[2024-08-27 15:55:04] DEBUG: Final graph contains 75 egdes
[2024-08-27 15:55:04] DEBUG: Extending contigs into repeats
[2024-08-27 15:55:04] DEBUG: Covered 0 repetitive contigs
[2024-08-27 15:55:04] INFO: Generated 75 contigs
[2024-08-27 15:55:04] DEBUG: Writing FASTA
[2024-08-27 15:55:04] DEBUG: Generating scaffold connections
[2024-08-27 15:55:04] INFO: Added 0 scaffold connections
[2024-08-27 15:55:04] DEBUG: Writing Dot
[2024-08-27 15:55:04] DEBUG: Writing FASTA
[2024-08-27 15:55:04] DEBUG: Writing Gfa
[2024-08-27 15:55:04] DEBUG: Peak RAM usage: 0 Gb
-----------End assembly log------------
[2024-08-27 15:55:05] root: INFO: >>>STAGE: polishing
[2024-08-27 15:55:05] root: INFO: Polishing genome (1/1)
[2024-08-27 15:55:05] root: INFO: Running minimap2
[2024-08-27 15:55:46] root: INFO: Separating alignment into bubbles
[2024-08-27 15:57:08] root: DEBUG: Generated 195193 bubbles
[2024-08-27 15:57:08] root: DEBUG: Split 0 long bubbles
[2024-08-27 15:57:08] root: DEBUG: Skipped 0 empty bubbles
[2024-08-27 15:57:08] root: DEBUG: Skipped 0 bubbles with long branches
[2024-08-27 15:57:08] root: INFO: Alignment error rate: 0.010289
[2024-08-27 15:57:08] root: INFO: Correcting bubbles
[2024-08-27 15:57:20] root: DEBUG: Mean contig coverage: 350, selected threshold: 70
[2024-08-27 15:57:20] root: DEBUG: Filtered 0 contigs of total length 0
[2024-08-27 15:57:20] root: DEBUG: Generating polished GFA
[2024-08-27 15:57:21] root: DEBUG: 0 sequences remained unpolished
[2024-08-27 15:57:21] root: INFO: >>>STAGE: finalize
[2024-08-27 15:57:21] root: DEBUG: ---Output dir contents:----
[2024-08-27 15:57:21] root: DEBUG: flye_asm_3Dt2j_part2subset/
[2024-08-27 15:57:21] root: DEBUG:     2.0 M       assembly.fasta
[2024-08-27 15:57:21] root: DEBUG:     2.0 M       assembly_graph.gfa
[2024-08-27 15:57:21] root: DEBUG:     92.0 B      params.json
[2024-08-27 15:57:21] root: DEBUG:     22.0 K      assembly_graph.gv
[2024-08-27 15:57:21] root: DEBUG:     84.0 K      flye.log
[2024-08-27 15:57:21] root: DEBUG:     10-consensus/
[2024-08-27 15:57:21] root: DEBUG:         76.0 K      minimap.bam.bai
[2024-08-27 15:57:21] root: DEBUG:         2.0 M       consensus.fasta
[2024-08-27 15:57:21] root: DEBUG:         1010.0 B    minimap.stderr
[2024-08-27 15:57:21] root: DEBUG:     00-assembly/
[2024-08-27 15:57:21] root: DEBUG:         2.0 K       draft_assembly.fasta.fai
[2024-08-27 15:57:21] root: DEBUG:         2.0 M       draft_assembly.fasta
[2024-08-27 15:57:21] root: DEBUG:     40-polishing/
[2024-08-27 15:57:21] root: DEBUG:         2.0 M       filtered_contigs.fasta
[2024-08-27 15:57:21] root: DEBUG:         1.0 K       filtered_stats.txt
[2024-08-27 15:57:21] root: DEBUG:         2.0 M       polished_edges.gfa
[2024-08-27 15:57:21] root: DEBUG:         1.0 K       contigs_stats.txt
[2024-08-27 15:57:21] root: DEBUG:         6.0 K       edges_aln.bam.bai
[2024-08-27 15:57:21] root: DEBUG:         73.0 K      minimap_1.bam.bai
[2024-08-27 15:57:21] root: DEBUG:         2.0 K       filtered_contigs.fasta.fai
[2024-08-27 15:57:21] root: DEBUG:         929.0 B     minimap.stderr
[2024-08-27 15:57:21] root: DEBUG:     20-repeat/
[2024-08-27 15:57:21] root: DEBUG:         23.0 K      graph_before_rr.gv
[2024-08-27 15:57:21] root: DEBUG:         15.0 K      repeat_graph_dump
[2024-08-27 15:57:21] root: DEBUG:         2.0 M       graph_before_rr.fasta
[2024-08-27 15:57:21] root: DEBUG:         2.0 M       repeat_graph_edges.fasta
[2024-08-27 15:57:21] root: DEBUG:         23.0 K      graph_after_rr.gv
[2024-08-27 15:57:21] root: DEBUG:         67.0 M      read_alignment_dump
[2024-08-27 15:57:21] root: DEBUG:     30-contigger/
[2024-08-27 15:57:21] root: DEBUG:         2.0 M       contigs.fasta
[2024-08-27 15:57:21] root: DEBUG:         2.0 M       graph_final.gfa
[2024-08-27 15:57:21] root: DEBUG:         2.0 M       graph_final.fasta
[2024-08-27 15:57:21] root: DEBUG:         22.0 K      graph_final.gv
[2024-08-27 15:57:21] root: DEBUG:         2.0 K       contigs.fasta.fai
[2024-08-27 15:57:21] root: DEBUG:         2.0 K       contigs_stats.txt
[2024-08-27 15:57:21] root: DEBUG:         0.0 B       scaffolds_links.txt
[2024-08-27 15:57:21] root: DEBUG: --------------------------
[2024-08-27 15:57:21] root: INFO: Assembly statistics:

	Total length:	2813977
	Fragments:	75
	Fragments N50:	71970
	Largest frg:	195248
	Scaffolds:	0
	Mean coverage:	350

[2024-08-27 15:57:21] root: INFO: Final assembly: /scratch/scw2160/02_outputs/flye_asm/flye_asm_3Dt2j_part2subset/assembly.fasta
