[2024-12-25 17:03:43] INFO: CheckM v1.1.3
[2024-12-25 17:03:43] INFO: checkm lineage_wf /home/b.tbn23vlc/fasta_files /scratch/scw2160/02_outputs/flye_asm/CheckM/ -x fasta
[2024-12-25 17:03:43] INFO: [CheckM - tree] Placing bins in reference genome tree.
[2024-12-25 17:03:44] INFO: Identifying marker genes in 10 bins with 1 threads:
[2024-12-25 17:06:50] INFO: Saving HMM info to file.
[2024-12-25 17:06:50] INFO: Calculating genome statistics for 10 bins with 1 threads:
[2024-12-25 17:06:51] INFO: Extracting marker genes to align.
[2024-12-25 17:06:51] INFO: Parsing HMM hits to marker genes:
[2024-12-25 17:06:52] INFO: Extracting 43 HMMs with 1 threads:
[2024-12-25 17:06:52] INFO: Aligning 43 marker genes with 1 threads:
[2024-12-25 17:06:55] INFO: Reading marker alignment files.
[2024-12-25 17:06:55] INFO: Concatenating alignments.
[2024-12-25 17:06:55] INFO: Placing 10 bins into the genome tree with pplacer (be patient).
[2024-12-25 17:11:49] INFO: { Current stage: 0:08:05.300 || Total: 0:08:05.300 }
[2024-12-25 17:11:49] INFO: [CheckM - lineage_set] Inferring lineage-specific marker sets.
[2024-12-25 17:11:49] INFO: Reading HMM info from file.
[2024-12-25 17:11:49] INFO: Parsing HMM hits to marker genes:
[2024-12-25 17:11:49] INFO: Determining marker sets for each genome bin.
[2024-12-25 17:11:51] INFO: Marker set written to: /scratch/scw2160/02_outputs/flye_asm/CheckM/lineage.ms
[2024-12-25 17:11:51] INFO: { Current stage: 0:00:01.790 || Total: 0:08:07.090 }
[2024-12-25 17:11:51] INFO: [CheckM - analyze] Identifying marker genes in bins.
[2024-12-25 17:11:51] INFO: Identifying marker genes in 10 bins with 1 threads:
[2024-12-25 17:25:03] INFO: Saving HMM info to file.
[2024-12-25 17:25:03] INFO: { Current stage: 0:13:12.585 || Total: 0:21:19.675 }
[2024-12-25 17:25:03] INFO: Parsing HMM hits to marker genes:
[2024-12-25 17:25:06] INFO: Aligning marker genes with multiple hits in a single bin:
[2024-12-25 17:25:07] INFO: { Current stage: 0:00:04.395 || Total: 0:21:24.070 }
[2024-12-25 17:25:07] INFO: Calculating genome statistics for 10 bins with 1 threads:
[2024-12-25 17:25:09] INFO: { Current stage: 0:00:01.015 || Total: 0:21:25.086 }
[2024-12-25 17:25:09] INFO: [CheckM - qa] Tabulating genome statistics.
[2024-12-25 17:25:09] INFO: Calculating AAI between multi-copy marker genes.
[2024-12-25 17:25:09] INFO: Reading HMM info from file.
[2024-12-25 17:25:09] INFO: Parsing HMM hits to marker genes:
[2024-12-25 17:25:11] INFO: { Current stage: 0:00:02.880 || Total: 0:21:27.966 }
